{"C:\\xampp\\XAMPP\\htdocs\\cryptoworld-2.0\\frontend\\postcss.config.js": {"path":"C:\\xampp\\XAMPP\\htdocs\\cryptoworld-2.0\\frontend\\postcss.config.js","all":true,"statementMap":{"0":{"start":{"line":1,"column":0},"end":{"line":1,"column":16}},"1":{"start":{"line":2,"column":0},"end":{"line":2,"column":12}},"2":{"start":{"line":3,"column":0},"end":{"line":3,"column":31}},"3":{"start":{"line":4,"column":0},"end":{"line":4,"column":21}},"4":{"start":{"line":5,"column":0},"end":{"line":5,"column":4}},"5":{"start":{"line":6,"column":0},"end":{"line":6,"column":2}}},"s":{"0":0,"1":0,"2":0,"3":0,"4":0,"5":0},"branchMap":{"0":{"type":"branch","line":1,"loc":{"start":{"line":1,"column":96},"end":{"line":6,"column":2}},"locations":[{"start":{"line":1,"column":96},"end":{"line":6,"column":2}}]}},"b":{"0":[0]},"fnMap":{"0":{"name":"(empty-report)","decl":{"start":{"line":1,"column":96},"end":{"line":6,"column":2}},"loc":{"start":{"line":1,"column":96},"end":{"line":6,"column":2}},"line":1}},"f":{"0":0}}
,"C:\\xampp\\XAMPP\\htdocs\\cryptoworld-2.0\\frontend\\tailwind.config.ts": {"path":"C:\\xampp\\XAMPP\\htdocs\\cryptoworld-2.0\\frontend\\tailwind.config.ts","all":true,"statementMap":{"0":{"start":{"line":1,"column":0},"end":{"line":1,"column":45}},"3":{"start":{"line":4,"column":0},"end":{"line":4,"column":16}},"4":{"start":{"line":5,"column":0},"end":{"line":5,"column":12}},"5":{"start":{"line":6,"column":0},"end":{"line":6,"column":19}},"6":{"start":{"line":7,"column":0},"end":{"line":7,"column":33}},"7":{"start":{"line":8,"column":0},"end":{"line":8,"column":38}},"8":{"start":{"line":9,"column":0},"end":{"line":9,"column":4}},"9":{"start":{"line":10,"column":0},"end":{"line":10,"column":20}},"10":{"start":{"line":11,"column":0},"end":{"line":11,"column":10}},"11":{"start":{"line":12,"column":0},"end":{"line":12,"column":15}},"12":{"start":{"line":13,"column":0},"end":{"line":13,"column":4}},"13":{"start":{"line":14,"column":0},"end":{"line":14,"column":28}},"14":{"start":{"line":15,"column":0},"end":{"line":15,"column":2}}},"s":{"0":0,"3":0,"4":0,"5":0,"6":0,"7":0,"8":0,"9":0,"10":0,"11":0,"12":0,"13":0,"14":0},"branchMap":{"0":{"type":"branch","line":1,"loc":{"start":{"line":1,"column":317},"end":{"line":15,"column":2}},"locations":[{"start":{"line":1,"column":317},"end":{"line":15,"column":2}}]}},"b":{"0":[0]},"fnMap":{"0":{"name":"(empty-report)","decl":{"start":{"line":1,"column":317},"end":{"line":15,"column":2}},"loc":{"start":{"line":1,"column":317},"end":{"line":15,"column":2}},"line":1}},"f":{"0":0}}
,"C:\\xampp\\XAMPP\\htdocs\\cryptoworld-2.0\\frontend\\src\\App.tsx": {"path":"C:\\xampp\\XAMPP\\htdocs\\cryptoworld-2.0\\frontend\\src\\App.tsx","all":true,"statementMap":{"0":{"start":{"line":1,"column":0},"end":{"line":1,"column":30}},"1":{"start":{"line":2,"column":0},"end":{"line":2,"column":58}},"2":{"start":{"line":3,"column":0},"end":{"line":3,"column":44}},"3":{"start":{"line":4,"column":0},"end":{"line":4,"column":33}},"4":{"start":{"line":5,"column":0},"end":{"line":5,"column":62}},"5":{"start":{"line":6,"column":0},"end":{"line":6,"column":58}},"6":{"start":{"line":7,"column":0},"end":{"line":7,"column":62}},"7":{"start":{"line":8,"column":0},"end":{"line":8,"column":62}},"9":{"start":{"line":10,"column":0},"end":{"line":10,"column":29}},"10":{"start":{"line":11,"column":0},"end":{"line":11,"column":52}},"11":{"start":{"line":12,"column":0},"end":{"line":12,"column":31}},"13":{"start":{"line":14,"column":0},"end":{"line":14,"column":10}},"14":{"start":{"line":15,"column":0},"end":{"line":15,"column":19}},"15":{"start":{"line":16,"column":0},"end":{"line":16,"column":14}},"16":{"start":{"line":17,"column":0},"end":{"line":17,"column":18}},"17":{"start":{"line":18,"column":0},"end":{"line":18,"column":26}},"18":{"start":{"line":19,"column":0},"end":{"line":19,"column":37}},"19":{"start":{"line":20,"column":0},"end":{"line":20,"column":41}},"20":{"start":{"line":21,"column":0},"end":{"line":21,"column":8}},"22":{"start":{"line":23,"column":0},"end":{"line":23,"column":64}},"23":{"start":{"line":24,"column":0},"end":{"line":24,"column":23}},"24":{"start":{"line":25,"column":0},"end":{"line":25,"column":20}},"25":{"start":{"line":26,"column":0},"end":{"line":26,"column":31}},"26":{"start":{"line":27,"column":0},"end":{"line":27,"column":35}},"27":{"start":{"line":28,"column":0},"end":{"line":28,"column":31}},"28":{"start":{"line":29,"column":0},"end":{"line":29,"column":10}},"29":{"start":{"line":30,"column":0},"end":{"line":30,"column":16}},"30":{"start":{"line":31,"column":0},"end":{"line":31,"column":20}},"31":{"start":{"line":32,"column":0},"end":{"line":32,"column":36}},"32":{"start":{"line":33,"column":0},"end":{"line":33,"column":33}},"33":{"start":{"line":34,"column":0},"end":{"line":34,"column":60}},"34":{"start":{"line":35,"column":0},"end":{"line":35,"column":12}},"35":{"start":{"line":36,"column":0},"end":{"line":36,"column":52}},"36":{"start":{"line":37,"column":0},"end":{"line":37,"column":17}},"37":{"start":{"line":38,"column":0},"end":{"line":38,"column":15}},"38":{"start":{"line":39,"column":0},"end":{"line":39,"column":21}},"40":{"start":{"line":41,"column":0},"end":{"line":41,"column":2}},"42":{"start":{"line":43,"column":0},"end":{"line":43,"column":19}}},"s":{"0":0,"1":0,"2":0,"3":0,"4":0,"5":0,"6":0,"7":0,"9":0,"10":0,"11":0,"13":0,"14":0,"15":0,"16":0,"17":0,"18":0,"19":0,"20":0,"22":0,"23":0,"24":0,"25":0,"26":0,"27":0,"28":0,"29":0,"30":0,"31":0,"32":0,"33":0,"34":0,"35":0,"36":0,"37":0,"38":0,"40":0,"42":0},"branchMap":{"0":{"type":"branch","line":1,"loc":{"start":{"line":1,"column":1262},"end":{"line":43,"column":19}},"locations":[{"start":{"line":1,"column":1262},"end":{"line":43,"column":19}}]}},"b":{"0":[0]},"fnMap":{"0":{"name":"(empty-report)","decl":{"start":{"line":1,"column":1262},"end":{"line":43,"column":19}},"loc":{"start":{"line":1,"column":1262},"end":{"line":43,"column":19}},"line":1}},"f":{"0":0}}
,"C:\\xampp\\XAMPP\\htdocs\\cryptoworld-2.0\\frontend\\src\\main.tsx": {"path":"C:\\xampp\\XAMPP\\htdocs\\cryptoworld-2.0\\frontend\\src\\main.tsx","all":true,"statementMap":{"0":{"start":{"line":1,"column":0},"end":{"line":1,"column":40}},"1":{"start":{"line":2,"column":0},"end":{"line":2,"column":49}},"2":{"start":{"line":3,"column":0},"end":{"line":3,"column":35}},"3":{"start":{"line":4,"column":0},"end":{"line":4,"column":21}},"4":{"start":{"line":5,"column":0},"end":{"line":5,"column":19}},"5":{"start":{"line":6,"column":0},"end":{"line":6,"column":60}},"6":{"start":{"line":7,"column":0},"end":{"line":7,"column":58}},"7":{"start":{"line":8,"column":0},"end":{"line":8,"column":28}},"8":{"start":{"line":9,"column":0},"end":{"line":9,"column":37}},"10":{"start":{"line":11,"column":0},"end":{"line":11,"column":61}},"11":{"start":{"line":12,"column":0},"end":{"line":12,"column":14}},"12":{"start":{"line":13,"column":0},"end":{"line":13,"column":19}},"13":{"start":{"line":14,"column":0},"end":{"line":14,"column":21}},"14":{"start":{"line":15,"column":0},"end":{"line":15,"column":22}},"15":{"start":{"line":16,"column":0},"end":{"line":16,"column":18}},"16":{"start":{"line":17,"column":0},"end":{"line":17,"column":19}},"17":{"start":{"line":18,"column":0},"end":{"line":18,"column":19}},"18":{"start":{"line":19,"column":0},"end":{"line":19,"column":23}},"19":{"start":{"line":20,"column":0},"end":{"line":20,"column":22}},"20":{"start":{"line":21,"column":0},"end":{"line":21,"column":20}},"21":{"start":{"line":22,"column":0},"end":{"line":22,"column":15}},"22":{"start":{"line":23,"column":0},"end":{"line":23,"column":2}}},"s":{"0":0,"1":0,"2":0,"3":0,"4":0,"5":0,"6":0,"7":0,"8":0,"10":0,"11":0,"12":0,"13":0,"14":0,"15":0,"16":0,"17":0,"18":0,"19":0,"20":0,"21":0,"22":0},"branchMap":{"0":{"type":"branch","line":1,"loc":{"start":{"line":1,"column":530},"end":{"line":23,"column":-413}},"locations":[{"start":{"line":1,"column":530},"end":{"line":23,"column":-413}}]}},"b":{"0":[0]},"fnMap":{"0":{"name":"(empty-report)","decl":{"start":{"line":1,"column":530},"end":{"line":23,"column":-413}},"loc":{"start":{"line":1,"column":530},"end":{"line":23,"column":-413}},"line":1}},"f":{"0":0}}
,"C:\\xampp\\XAMPP\\htdocs\\cryptoworld-2.0\\frontend\\src\\components\\auth\\AuthModal.tsx": {"path":"C:\\xampp\\XAMPP\\htdocs\\cryptoworld-2.0\\frontend\\src\\components\\auth\\AuthModal.tsx","all":true,"statementMap":{"0":{"start":{"line":1,"column":0},"end":{"line":1,"column":37}},"1":{"start":{"line":2,"column":0},"end":{"line":2,"column":33}},"2":{"start":{"line":3,"column":0},"end":{"line":3,"column":40}},"3":{"start":{"line":4,"column":0},"end":{"line":4,"column":46}},"4":{"start":{"line":5,"column":0},"end":{"line":5,"column":46}},"13":{"start":{"line":14,"column":0},"end":{"line":14,"column":65}},"14":{"start":{"line":15,"column":0},"end":{"line":15,"column":54}},"15":{"start":{"line":16,"column":0},"end":{"line":16,"column":48}},"17":{"start":{"line":18,"column":0},"end":{"line":18,"column":28}},"18":{"start":{"line":19,"column":0},"end":{"line":19,"column":65}},"19":{"start":{"line":20,"column":0},"end":{"line":20,"column":4}},"21":{"start":{"line":22,"column":0},"end":{"line":22,"column":30}},"22":{"start":{"line":23,"column":0},"end":{"line":23,"column":13}},"23":{"start":{"line":24,"column":0},"end":{"line":24,"column":14}},"24":{"start":{"line":25,"column":0},"end":{"line":25,"column":4}},"26":{"start":{"line":27,"column":0},"end":{"line":27,"column":10}},"27":{"start":{"line":28,"column":0},"end":{"line":28,"column":10}},"28":{"start":{"line":29,"column":0},"end":{"line":29,"column":17}},"29":{"start":{"line":30,"column":0},"end":{"line":30,"column":24}},"30":{"start":{"line":31,"column":0},"end":{"line":31,"column":19}},"31":{"start":{"line":32,"column":0},"end":{"line":32,"column":26}},"32":{"start":{"line":33,"column":0},"end":{"line":33,"column":14}},"34":{"start":{"line":35,"column":0},"end":{"line":35,"column":26}},"35":{"start":{"line":36,"column":0},"end":{"line":36,"column":47}},"36":{"start":{"line":37,"column":0},"end":{"line":37,"column":65}},"37":{"start":{"line":38,"column":0},"end":{"line":38,"column":60}},"38":{"start":{"line":39,"column":0},"end":{"line":39,"column":63}},"40":{"start":{"line":41,"column":0},"end":{"line":41,"column":19}},"41":{"start":{"line":42,"column":0},"end":{"line":42,"column":14}},"42":{"start":{"line":43,"column":0},"end":{"line":43,"column":30}},"43":{"start":{"line":44,"column":0},"end":{"line":44,"column":61}},"45":{"start":{"line":46,"column":0},"end":{"line":46,"column":64}},"47":{"start":{"line":48,"column":0},"end":{"line":48,"column":12}},"49":{"start":{"line":50,"column":0},"end":{"line":50,"column":2}}},"s":{"0":0,"1":0,"2":0,"3":0,"4":0,"13":0,"14":0,"15":0,"17":0,"18":0,"19":0,"21":0,"22":0,"23":0,"24":0,"26":0,"27":0,"28":0,"29":0,"30":0,"31":0,"32":0,"34":0,"35":0,"36":0,"37":0,"38":0,"40":0,"41":0,"42":0,"43":0,"45":0,"47":0,"49":0},"branchMap":{"0":{"type":"branch","line":1,"loc":{"start":{"line":1,"column":1372},"end":{"line":50,"column":2}},"locations":[{"start":{"line":1,"column":1372},"end":{"line":50,"column":2}}]}},"b":{"0":[0]},"fnMap":{"0":{"name":"(empty-report)","decl":{"start":{"line":1,"column":1372},"end":{"line":50,"column":2}},"loc":{"start":{"line":1,"column":1372},"end":{"line":50,"column":2}},"line":1}},"f":{"0":0}}
,"C:\\xampp\\XAMPP\\htdocs\\cryptoworld-2.0\\frontend\\src\\components\\auth\\LoginForm.tsx": {"path":"C:\\xampp\\XAMPP\\htdocs\\cryptoworld-2.0\\frontend\\src\\components\\auth\\LoginForm.tsx","all":false,"statementMap":{"0":{"start":{"line":1,"column":0},"end":{"line":1,"column":33}},"1":{"start":{"line":2,"column":0},"end":{"line":2,"column":46}},"2":{"start":{"line":3,"column":0},"end":{"line":3,"column":52}},"3":{"start":{"line":4,"column":0},"end":{"line":4,"column":34}},"4":{"start":{"line":5,"column":0},"end":{"line":5,"column":26}},"11":{"start":{"line":12,"column":0},"end":{"line":12,"column":69}},"12":{"start":{"line":13,"column":0},"end":{"line":13,"column":69}},"13":{"start":{"line":14,"column":0},"end":{"line":14,"column":48}},"14":{"start":{"line":15,"column":0},"end":{"line":15,"column":30}},"16":{"start":{"line":17,"column":0},"end":{"line":17,"column":75}},"17":{"start":{"line":18,"column":0},"end":{"line":18,"column":21}},"18":{"start":{"line":19,"column":0},"end":{"line":19,"column":9}},"19":{"start":{"line":20,"column":0},"end":{"line":20,"column":49}},"20":{"start":{"line":21,"column":0},"end":{"line":21,"column":28}},"21":{"start":{"line":22,"column":0},"end":{"line":22,"column":34}},"22":{"start":{"line":23,"column":0},"end":{"line":23,"column":9}},"24":{"start":{"line":25,"column":0},"end":{"line":25,"column":44}},"25":{"start":{"line":26,"column":0},"end":{"line":26,"column":25}},"27":{"start":{"line":28,"column":0},"end":{"line":28,"column":51}},"28":{"start":{"line":29,"column":0},"end":{"line":29,"column":25}},"29":{"start":{"line":30,"column":0},"end":{"line":30,"column":18}},"30":{"start":{"line":31,"column":0},"end":{"line":31,"column":30}},"31":{"start":{"line":32,"column":0},"end":{"line":32,"column":40}},"32":{"start":{"line":33,"column":0},"end":{"line":33,"column":40}},"33":{"start":{"line":34,"column":0},"end":{"line":34,"column":39}},"34":{"start":{"line":35,"column":0},"end":{"line":35,"column":50}},"35":{"start":{"line":36,"column":0},"end":{"line":36,"column":16}},"36":{"start":{"line":37,"column":0},"end":{"line":37,"column":45}},"37":{"start":{"line":38,"column":0},"end":{"line":38,"column":9}},"38":{"start":{"line":39,"column":0},"end":{"line":39,"column":14}},"39":{"start":{"line":40,"column":0},"end":{"line":40,"column":44}},"40":{"start":{"line":41,"column":0},"end":{"line":41,"column":7}},"41":{"start":{"line":42,"column":0},"end":{"line":42,"column":15}},"42":{"start":{"line":43,"column":0},"end":{"line":43,"column":24}},"43":{"start":{"line":44,"column":0},"end":{"line":44,"column":5}},"44":{"start":{"line":45,"column":0},"end":{"line":45,"column":4}},"46":{"start":{"line":47,"column":0},"end":{"line":47,"column":10}},"47":{"start":{"line":48,"column":0},"end":{"line":48,"column":6}},"48":{"start":{"line":49,"column":0},"end":{"line":49,"column":77}},"49":{"start":{"line":50,"column":0},"end":{"line":50,"column":62}},"50":{"start":{"line":51,"column":0},"end":{"line":51,"column":18}},"51":{"start":{"line":52,"column":0},"end":{"line":52,"column":24}},"52":{"start":{"line":53,"column":0},"end":{"line":53,"column":22}},"53":{"start":{"line":54,"column":0},"end":{"line":54,"column":18}},"54":{"start":{"line":55,"column":0},"end":{"line":55,"column":74}},"55":{"start":{"line":56,"column":0},"end":{"line":56,"column":12}},"57":{"start":{"line":58,"column":0},"end":{"line":58,"column":48}},"58":{"start":{"line":59,"column":0},"end":{"line":59,"column":20}},"60":{"start":{"line":61,"column":0},"end":{"line":61,"column":18}},"61":{"start":{"line":62,"column":0},"end":{"line":62,"column":28}},"62":{"start":{"line":63,"column":0},"end":{"line":63,"column":25}},"63":{"start":{"line":64,"column":0},"end":{"line":64,"column":18}},"64":{"start":{"line":65,"column":0},"end":{"line":65,"column":75}},"65":{"start":{"line":66,"column":0},"end":{"line":66,"column":12}},"67":{"start":{"line":68,"column":0},"end":{"line":68,"column":51}},"68":{"start":{"line":69,"column":0},"end":{"line":69,"column":20}},"70":{"start":{"line":71,"column":0},"end":{"line":71,"column":19}},"71":{"start":{"line":72,"column":0},"end":{"line":72,"column":17}},"72":{"start":{"line":73,"column":0},"end":{"line":73,"column":26}},"73":{"start":{"line":74,"column":0},"end":{"line":74,"column":29}},"74":{"start":{"line":75,"column":0},"end":{"line":75,"column":30}},"75":{"start":{"line":76,"column":0},"end":{"line":76,"column":29}},"77":{"start":{"line":78,"column":0},"end":{"line":78,"column":58}},"78":{"start":{"line":79,"column":0},"end":{"line":79,"column":19}},"79":{"start":{"line":80,"column":0},"end":{"line":80,"column":20}},"81":{"start":{"line":82,"column":0},"end":{"line":82,"column":48}},"82":{"start":{"line":83,"column":0},"end":{"line":83,"column":33}},"83":{"start":{"line":84,"column":0},"end":{"line":84,"column":15}},"84":{"start":{"line":85,"column":0},"end":{"line":85,"column":68}},"85":{"start":{"line":86,"column":0},"end":{"line":86,"column":30}},"86":{"start":{"line":87,"column":0},"end":{"line":87,"column":11}},"88":{"start":{"line":89,"column":0},"end":{"line":89,"column":17}},"89":{"start":{"line":90,"column":0},"end":{"line":90,"column":12}},"90":{"start":{"line":91,"column":0},"end":{"line":91,"column":13}},"91":{"start":{"line":92,"column":0},"end":{"line":92,"column":7}},"93":{"start":{"line":94,"column":0},"end":{"line":94,"column":2}}},"s":{"0":1,"1":1,"2":1,"3":1,"4":1,"11":1,"12":19,"13":19,"14":19,"16":19,"17":5,"18":5,"19":5,"20":5,"21":5,"22":5,"24":2,"25":2,"27":2,"28":2,"29":5,"30":5,"31":3,"32":2,"33":2,"34":1,"35":1,"36":1,"37":1,"38":3,"39":1,"40":1,"41":5,"42":5,"43":5,"44":5,"46":19,"47":19,"48":19,"49":19,"50":19,"51":19,"52":19,"53":19,"54":19,"55":19,"57":19,"58":19,"60":19,"61":19,"62":19,"63":19,"64":19,"65":19,"67":19,"68":19,"70":19,"71":19,"72":19,"73":19,"74":19,"75":19,"77":19,"78":19,"79":19,"81":19,"82":19,"83":19,"84":19,"85":19,"86":19,"88":19,"89":19,"90":19,"91":19,"93":19},"branchMap":{"0":{"type":"branch","line":12,"loc":{"start":{"line":12,"column":25},"end":{"line":94,"column":2}},"locations":[{"start":{"line":12,"column":25},"end":{"line":94,"column":2}}]},"1":{"type":"branch","line":78,"loc":{"start":{"line":78,"column":13},"end":{"line":78,"column":41}},"locations":[{"start":{"line":78,"column":13},"end":{"line":78,"column":41}}]},"2":{"type":"branch","line":78,"loc":{"start":{"line":78,"column":23},"end":{"line":78,"column":58}},"locations":[{"start":{"line":78,"column":23},"end":{"line":78,"column":58}}]},"3":{"type":"branch","line":17,"loc":{"start":{"line":17,"column":19},"end":{"line":45,"column":4}},"locations":[{"start":{"line":17,"column":19},"end":{"line":45,"column":4}}]},"4":{"type":"branch","line":23,"loc":{"start":{"line":23,"column":7},"end":{"line":30,"column":16}},"locations":[{"start":{"line":23,"column":7},"end":{"line":30,"column":16}}]},"5":{"type":"branch","line":30,"loc":{"start":{"line":30,"column":6},"end":{"line":30,"column":18}},"locations":[{"start":{"line":30,"column":6},"end":{"line":30,"column":18}}]},"6":{"type":"branch","line":31,"loc":{"start":{"line":31,"column":4},"end":{"line":42,"column":6}},"locations":[{"start":{"line":31,"column":4},"end":{"line":42,"column":6}}]},"7":{"type":"branch","line":32,"loc":{"start":{"line":32,"column":39},"end":{"line":39,"column":13}},"locations":[{"start":{"line":32,"column":39},"end":{"line":39,"column":13}}]},"8":{"type":"branch","line":34,"loc":{"start":{"line":34,"column":38},"end":{"line":38,"column":9}},"locations":[{"start":{"line":34,"column":38},"end":{"line":38,"column":9}}]},"9":{"type":"branch","line":39,"loc":{"start":{"line":39,"column":6},"end":{"line":41,"column":7}},"locations":[{"start":{"line":39,"column":6},"end":{"line":41,"column":7}}]}},"b":{"0":[19],"1":[5],"2":[14],"3":[5],"4":[2],"5":[1],"6":[3],"7":[2],"8":[1],"9":[1]},"fnMap":{"0":{"name":"LoginForm","decl":{"start":{"line":12,"column":25},"end":{"line":94,"column":2}},"loc":{"start":{"line":12,"column":25},"end":{"line":94,"column":2}},"line":12},"1":{"name":"onFinish","decl":{"start":{"line":17,"column":19},"end":{"line":45,"column":4}},"loc":{"start":{"line":17,"column":19},"end":{"line":45,"column":4}},"line":17}},"f":{"0":19,"1":5}}
,"C:\\xampp\\XAMPP\\htdocs\\cryptoworld-2.0\\frontend\\src\\components\\auth\\LogoutForm.tsx": {"path":"C:\\xampp\\XAMPP\\htdocs\\cryptoworld-2.0\\frontend\\src\\components\\auth\\LogoutForm.tsx","all":false,"statementMap":{"0":{"start":{"line":1,"column":0},"end":{"line":1,"column":29}},"1":{"start":{"line":2,"column":0},"end":{"line":2,"column":46}},"8":{"start":{"line":9,"column":0},"end":{"line":9,"column":69}},"9":{"start":{"line":10,"column":0},"end":{"line":10,"column":48}},"11":{"start":{"line":12,"column":0},"end":{"line":12,"column":30}},"12":{"start":{"line":13,"column":0},"end":{"line":13,"column":13}},"13":{"start":{"line":14,"column":0},"end":{"line":14,"column":14}},"14":{"start":{"line":15,"column":0},"end":{"line":15,"column":4}},"16":{"start":{"line":17,"column":0},"end":{"line":17,"column":36}},"17":{"start":{"line":18,"column":0},"end":{"line":18,"column":10}},"18":{"start":{"line":19,"column":0},"end":{"line":19,"column":10}},"19":{"start":{"line":20,"column":0},"end":{"line":20,"column":29}},"20":{"start":{"line":21,"column":0},"end":{"line":21,"column":17}},"21":{"start":{"line":22,"column":0},"end":{"line":22,"column":24}},"22":{"start":{"line":23,"column":0},"end":{"line":23,"column":25}},"23":{"start":{"line":24,"column":0},"end":{"line":24,"column":28}},"24":{"start":{"line":25,"column":0},"end":{"line":25,"column":27}},"25":{"start":{"line":26,"column":0},"end":{"line":26,"column":14}},"26":{"start":{"line":27,"column":0},"end":{"line":27,"column":13}},"28":{"start":{"line":29,"column":0},"end":{"line":29,"column":2}}},"s":{"0":1,"1":1,"8":1,"9":5,"11":5,"12":1,"13":1,"14":1,"16":5,"17":4,"18":4,"19":4,"20":4,"21":4,"22":4,"23":4,"24":4,"25":4,"26":4,"28":4},"branchMap":{"0":{"type":"branch","line":9,"loc":{"start":{"line":9,"column":27},"end":{"line":29,"column":2}},"locations":[{"start":{"line":9,"column":27},"end":{"line":29,"column":2}}]},"1":{"type":"branch","line":17,"loc":{"start":{"line":17,"column":24},"end":{"line":17,"column":36}},"locations":[{"start":{"line":17,"column":24},"end":{"line":17,"column":36}}]},"2":{"type":"branch","line":17,"loc":{"start":{"line":17,"column":31},"end":{"line":29,"column":2}},"locations":[{"start":{"line":17,"column":31},"end":{"line":29,"column":2}}]},"3":{"type":"branch","line":12,"loc":{"start":{"line":12,"column":23},"end":{"line":15,"column":4}},"locations":[{"start":{"line":12,"column":23},"end":{"line":15,"column":4}}]}},"b":{"0":[5],"1":[1],"2":[4],"3":[1]},"fnMap":{"0":{"name":"LogoutModal","decl":{"start":{"line":9,"column":27},"end":{"line":29,"column":2}},"loc":{"start":{"line":9,"column":27},"end":{"line":29,"column":2}},"line":9},"1":{"name":"handleLogout","decl":{"start":{"line":12,"column":23},"end":{"line":15,"column":4}},"loc":{"start":{"line":12,"column":23},"end":{"line":15,"column":4}},"line":12}},"f":{"0":5,"1":1}}
,"C:\\xampp\\XAMPP\\htdocs\\cryptoworld-2.0\\frontend\\src\\components\\auth\\ProtectedRoute.tsx": {"path":"C:\\xampp\\XAMPP\\htdocs\\cryptoworld-2.0\\frontend\\src\\components\\auth\\ProtectedRoute.tsx","all":true,"statementMap":{"0":{"start":{"line":1,"column":0},"end":{"line":1,"column":44}},"1":{"start":{"line":2,"column":0},"end":{"line":2,"column":58}},"8":{"start":{"line":9,"column":0},"end":{"line":9,"column":56}},"9":{"start":{"line":10,"column":0},"end":{"line":10,"column":68}},"10":{"start":{"line":11,"column":0},"end":{"line":11,"column":2}}},"s":{"0":0,"1":0,"8":0,"9":0,"10":0},"branchMap":{"0":{"type":"branch","line":1,"loc":{"start":{"line":1,"column":315},"end":{"line":11,"column":2}},"locations":[{"start":{"line":1,"column":315},"end":{"line":11,"column":2}}]}},"b":{"0":[0]},"fnMap":{"0":{"name":"(empty-report)","decl":{"start":{"line":1,"column":315},"end":{"line":11,"column":2}},"loc":{"start":{"line":1,"column":315},"end":{"line":11,"column":2}},"line":1}},"f":{"0":0}}
,"C:\\xampp\\XAMPP\\htdocs\\cryptoworld-2.0\\frontend\\src\\components\\auth\\RegisterForm.tsx": {"path":"C:\\xampp\\XAMPP\\htdocs\\cryptoworld-2.0\\frontend\\src\\components\\auth\\RegisterForm.tsx","all":false,"statementMap":{"0":{"start":{"line":1,"column":0},"end":{"line":1,"column":33}},"1":{"start":{"line":2,"column":0},"end":{"line":2,"column":52}},"2":{"start":{"line":3,"column":0},"end":{"line":3,"column":34}},"3":{"start":{"line":4,"column":0},"end":{"line":4,"column":46}},"4":{"start":{"line":5,"column":0},"end":{"line":5,"column":35}},"17":{"start":{"line":18,"column":0},"end":{"line":18,"column":75}},"18":{"start":{"line":19,"column":0},"end":{"line":19,"column":48}},"19":{"start":{"line":20,"column":0},"end":{"line":20,"column":30}},"20":{"start":{"line":21,"column":0},"end":{"line":21,"column":52}},"22":{"start":{"line":23,"column":0},"end":{"line":23,"column":58}},"23":{"start":{"line":24,"column":0},"end":{"line":24,"column":21}},"24":{"start":{"line":25,"column":0},"end":{"line":25,"column":9}},"25":{"start":{"line":26,"column":0},"end":{"line":26,"column":59}},"27":{"start":{"line":28,"column":0},"end":{"line":28,"column":44}},"28":{"start":{"line":29,"column":0},"end":{"line":29,"column":25}},"30":{"start":{"line":31,"column":0},"end":{"line":31,"column":51}},"31":{"start":{"line":32,"column":0},"end":{"line":32,"column":25}},"32":{"start":{"line":33,"column":0},"end":{"line":33,"column":18}},"33":{"start":{"line":34,"column":0},"end":{"line":34,"column":30}},"34":{"start":{"line":35,"column":0},"end":{"line":35,"column":76}},"36":{"start":{"line":37,"column":0},"end":{"line":37,"column":69}},"37":{"start":{"line":38,"column":0},"end":{"line":38,"column":50}},"38":{"start":{"line":39,"column":0},"end":{"line":39,"column":48}},"39":{"start":{"line":40,"column":0},"end":{"line":40,"column":42}},"40":{"start":{"line":41,"column":0},"end":{"line":41,"column":14}},"41":{"start":{"line":42,"column":0},"end":{"line":42,"column":74}},"42":{"start":{"line":43,"column":0},"end":{"line":43,"column":7}},"44":{"start":{"line":45,"column":0},"end":{"line":45,"column":47}},"45":{"start":{"line":46,"column":0},"end":{"line":46,"column":15}},"46":{"start":{"line":47,"column":0},"end":{"line":47,"column":24}},"47":{"start":{"line":48,"column":0},"end":{"line":48,"column":5}},"48":{"start":{"line":49,"column":0},"end":{"line":49,"column":4}},"50":{"start":{"line":51,"column":0},"end":{"line":51,"column":10}},"51":{"start":{"line":52,"column":0},"end":{"line":52,"column":6}},"52":{"start":{"line":53,"column":0},"end":{"line":53,"column":75}},"53":{"start":{"line":54,"column":0},"end":{"line":54,"column":62}},"54":{"start":{"line":55,"column":0},"end":{"line":55,"column":18}},"55":{"start":{"line":56,"column":0},"end":{"line":56,"column":24}},"56":{"start":{"line":57,"column":0},"end":{"line":57,"column":21}},"57":{"start":{"line":58,"column":0},"end":{"line":58,"column":78}},"59":{"start":{"line":60,"column":0},"end":{"line":60,"column":38}},"60":{"start":{"line":61,"column":0},"end":{"line":61,"column":20}},"62":{"start":{"line":63,"column":0},"end":{"line":63,"column":18}},"63":{"start":{"line":64,"column":0},"end":{"line":64,"column":24}},"64":{"start":{"line":65,"column":0},"end":{"line":65,"column":22}},"65":{"start":{"line":66,"column":0},"end":{"line":66,"column":18}},"66":{"start":{"line":67,"column":0},"end":{"line":67,"column":13}},"67":{"start":{"line":68,"column":0},"end":{"line":68,"column":28}},"68":{"start":{"line":69,"column":0},"end":{"line":69,"column":60}},"69":{"start":{"line":70,"column":0},"end":{"line":70,"column":14}},"70":{"start":{"line":71,"column":0},"end":{"line":71,"column":13}},"71":{"start":{"line":72,"column":0},"end":{"line":72,"column":29}},"72":{"start":{"line":73,"column":0},"end":{"line":73,"column":53}},"73":{"start":{"line":74,"column":0},"end":{"line":74,"column":14}},"74":{"start":{"line":75,"column":0},"end":{"line":75,"column":12}},"76":{"start":{"line":77,"column":0},"end":{"line":77,"column":48}},"77":{"start":{"line":78,"column":0},"end":{"line":78,"column":20}},"79":{"start":{"line":80,"column":0},"end":{"line":80,"column":18}},"80":{"start":{"line":81,"column":0},"end":{"line":81,"column":28}},"81":{"start":{"line":82,"column":0},"end":{"line":82,"column":25}},"82":{"start":{"line":83,"column":0},"end":{"line":83,"column":18}},"83":{"start":{"line":84,"column":0},"end":{"line":84,"column":76}},"84":{"start":{"line":85,"column":0},"end":{"line":85,"column":13}},"85":{"start":{"line":86,"column":0},"end":{"line":86,"column":21}},"86":{"start":{"line":87,"column":0},"end":{"line":87,"column":72}},"87":{"start":{"line":88,"column":0},"end":{"line":88,"column":14}},"88":{"start":{"line":89,"column":0},"end":{"line":89,"column":12}},"90":{"start":{"line":91,"column":0},"end":{"line":91,"column":51}},"91":{"start":{"line":92,"column":0},"end":{"line":92,"column":20}},"93":{"start":{"line":94,"column":0},"end":{"line":94,"column":19}},"94":{"start":{"line":95,"column":0},"end":{"line":95,"column":17}},"95":{"start":{"line":96,"column":0},"end":{"line":96,"column":26}},"96":{"start":{"line":97,"column":0},"end":{"line":97,"column":29}},"97":{"start":{"line":98,"column":0},"end":{"line":98,"column":30}},"98":{"start":{"line":99,"column":0},"end":{"line":99,"column":29}},"100":{"start":{"line":101,"column":0},"end":{"line":101,"column":53}},"101":{"start":{"line":102,"column":0},"end":{"line":102,"column":19}},"102":{"start":{"line":103,"column":0},"end":{"line":103,"column":20}},"104":{"start":{"line":105,"column":0},"end":{"line":105,"column":48}},"105":{"start":{"line":106,"column":0},"end":{"line":106,"column":33}},"106":{"start":{"line":107,"column":0},"end":{"line":107,"column":15}},"107":{"start":{"line":108,"column":0},"end":{"line":108,"column":68}},"108":{"start":{"line":109,"column":0},"end":{"line":109,"column":30}},"109":{"start":{"line":110,"column":0},"end":{"line":110,"column":11}},"111":{"start":{"line":112,"column":0},"end":{"line":112,"column":17}},"112":{"start":{"line":113,"column":0},"end":{"line":113,"column":12}},"113":{"start":{"line":114,"column":0},"end":{"line":114,"column":13}},"114":{"start":{"line":115,"column":0},"end":{"line":115,"column":7}},"116":{"start":{"line":117,"column":0},"end":{"line":117,"column":2}}},"s":{"0":1,"1":1,"2":1,"3":1,"4":1,"17":1,"18":14,"19":14,"20":14,"22":14,"23":3,"24":3,"25":3,"27":1,"28":1,"30":1,"31":1,"32":3,"33":3,"34":2,"36":2,"37":1,"38":1,"39":1,"40":1,"41":0,"42":0,"44":2,"45":3,"46":3,"47":3,"48":3,"50":14,"51":14,"52":14,"53":14,"54":14,"55":14,"56":14,"57":14,"59":14,"60":14,"62":14,"63":14,"64":14,"65":14,"66":14,"67":14,"68":14,"69":14,"70":14,"71":14,"72":14,"73":14,"74":14,"76":14,"77":14,"79":14,"80":14,"81":14,"82":14,"83":14,"84":14,"85":14,"86":14,"87":14,"88":14,"90":14,"91":14,"93":14,"94":14,"95":14,"96":14,"97":14,"98":14,"100":14,"101":14,"102":14,"104":14,"105":14,"106":14,"107":14,"108":14,"109":14,"111":14,"112":14,"113":14,"114":14,"116":14},"branchMap":{"0":{"type":"branch","line":18,"loc":{"start":{"line":18,"column":28},"end":{"line":117,"column":2}},"locations":[{"start":{"line":18,"column":28},"end":{"line":117,"column":2}}]},"1":{"type":"branch","line":101,"loc":{"start":{"line":101,"column":13},"end":{"line":101,"column":38}},"locations":[{"start":{"line":101,"column":13},"end":{"line":101,"column":38}}]},"2":{"type":"branch","line":101,"loc":{"start":{"line":101,"column":23},"end":{"line":101,"column":53}},"locations":[{"start":{"line":101,"column":23},"end":{"line":101,"column":53}}]},"3":{"type":"branch","line":23,"loc":{"start":{"line":23,"column":19},"end":{"line":49,"column":4}},"locations":[{"start":{"line":23,"column":19},"end":{"line":49,"column":4}}]},"4":{"type":"branch","line":26,"loc":{"start":{"line":26,"column":57},"end":{"line":33,"column":16}},"locations":[{"start":{"line":26,"column":57},"end":{"line":33,"column":16}}]},"5":{"type":"branch","line":33,"loc":{"start":{"line":33,"column":6},"end":{"line":33,"column":18}},"locations":[{"start":{"line":33,"column":6},"end":{"line":33,"column":18}}]},"6":{"type":"branch","line":34,"loc":{"start":{"line":34,"column":4},"end":{"line":46,"column":6}},"locations":[{"start":{"line":34,"column":4},"end":{"line":46,"column":6}}]},"7":{"type":"branch","line":37,"loc":{"start":{"line":37,"column":68},"end":{"line":43,"column":7}},"locations":[{"start":{"line":37,"column":68},"end":{"line":43,"column":7}}]},"8":{"type":"branch","line":41,"loc":{"start":{"line":41,"column":6},"end":{"line":43,"column":7}},"locations":[{"start":{"line":41,"column":6},"end":{"line":43,"column":7}}]}},"b":{"0":[14],"1":[3],"2":[11],"3":[3],"4":[1],"5":[0],"6":[2],"7":[1],"8":[0]},"fnMap":{"0":{"name":"RegisterForm","decl":{"start":{"line":18,"column":28},"end":{"line":117,"column":2}},"loc":{"start":{"line":18,"column":28},"end":{"line":117,"column":2}},"line":18},"1":{"name":"onFinish","decl":{"start":{"line":23,"column":19},"end":{"line":49,"column":4}},"loc":{"start":{"line":23,"column":19},"end":{"line":49,"column":4}},"line":23}},"f":{"0":14,"1":3}}
,"C:\\xampp\\XAMPP\\htdocs\\cryptoworld-2.0\\frontend\\src\\components\\contact\\FormContact.tsx": {"path":"C:\\xampp\\XAMPP\\htdocs\\cryptoworld-2.0\\frontend\\src\\components\\contact\\FormContact.tsx","all":false,"statementMap":{"0":{"start":{"line":1,"column":0},"end":{"line":1,"column":26}},"1":{"start":{"line":2,"column":0},"end":{"line":2,"column":43}},"2":{"start":{"line":3,"column":0},"end":{"line":3,"column":48}},"13":{"start":{"line":14,"column":0},"end":{"line":14,"column":44}},"14":{"start":{"line":15,"column":0},"end":{"line":15,"column":31}},"16":{"start":{"line":17,"column":0},"end":{"line":17,"column":51}},"17":{"start":{"line":18,"column":0},"end":{"line":18,"column":24}},"18":{"start":{"line":19,"column":0},"end":{"line":19,"column":4}},"20":{"start":{"line":21,"column":0},"end":{"line":21,"column":10}},"21":{"start":{"line":22,"column":0},"end":{"line":22,"column":47}},"22":{"start":{"line":23,"column":0},"end":{"line":23,"column":11}},"23":{"start":{"line":24,"column":0},"end":{"line":24,"column":25}},"24":{"start":{"line":25,"column":0},"end":{"line":25,"column":27}},"25":{"start":{"line":26,"column":0},"end":{"line":26,"column":27}},"26":{"start":{"line":27,"column":0},"end":{"line":27,"column":48}},"28":{"start":{"line":29,"column":0},"end":{"line":29,"column":18}},"29":{"start":{"line":30,"column":0},"end":{"line":30,"column":33}},"30":{"start":{"line":31,"column":0},"end":{"line":31,"column":17}},"31":{"start":{"line":32,"column":0},"end":{"line":32,"column":76}},"33":{"start":{"line":34,"column":0},"end":{"line":34,"column":18}},"34":{"start":{"line":35,"column":0},"end":{"line":35,"column":13}},"35":{"start":{"line":36,"column":0},"end":{"line":36,"column":29}},"36":{"start":{"line":37,"column":0},"end":{"line":37,"column":52}},"37":{"start":{"line":38,"column":0},"end":{"line":38,"column":14}},"38":{"start":{"line":39,"column":0},"end":{"line":39,"column":12}},"40":{"start":{"line":41,"column":0},"end":{"line":41,"column":16}},"41":{"start":{"line":42,"column":0},"end":{"line":42,"column":25}},"42":{"start":{"line":43,"column":0},"end":{"line":43,"column":49}},"43":{"start":{"line":44,"column":0},"end":{"line":44,"column":20}},"44":{"start":{"line":45,"column":0},"end":{"line":45,"column":70}},"45":{"start":{"line":46,"column":0},"end":{"line":46,"column":56}},"46":{"start":{"line":47,"column":0},"end":{"line":47,"column":68}},"47":{"start":{"line":48,"column":0},"end":{"line":48,"column":14}},"48":{"start":{"line":49,"column":0},"end":{"line":49,"column":12}},"49":{"start":{"line":50,"column":0},"end":{"line":50,"column":20}},"51":{"start":{"line":52,"column":0},"end":{"line":52,"column":18}},"52":{"start":{"line":53,"column":0},"end":{"line":53,"column":34}},"53":{"start":{"line":54,"column":0},"end":{"line":54,"column":17}},"54":{"start":{"line":55,"column":0},"end":{"line":55,"column":63}},"56":{"start":{"line":57,"column":0},"end":{"line":57,"column":19}},"58":{"start":{"line":59,"column":0},"end":{"line":59,"column":18}},"59":{"start":{"line":60,"column":0},"end":{"line":60,"column":13}},"60":{"start":{"line":61,"column":0},"end":{"line":61,"column":28}},"61":{"start":{"line":62,"column":0},"end":{"line":62,"column":62}},"62":{"start":{"line":63,"column":0},"end":{"line":63,"column":14}},"63":{"start":{"line":64,"column":0},"end":{"line":64,"column":13}},"64":{"start":{"line":65,"column":0},"end":{"line":65,"column":29}},"65":{"start":{"line":66,"column":0},"end":{"line":66,"column":64}},"66":{"start":{"line":67,"column":0},"end":{"line":67,"column":14}},"67":{"start":{"line":68,"column":0},"end":{"line":68,"column":12}},"69":{"start":{"line":70,"column":0},"end":{"line":70,"column":16}},"70":{"start":{"line":71,"column":0},"end":{"line":71,"column":25}},"71":{"start":{"line":72,"column":0},"end":{"line":72,"column":49}},"72":{"start":{"line":73,"column":0},"end":{"line":73,"column":20}},"73":{"start":{"line":74,"column":0},"end":{"line":74,"column":70}},"74":{"start":{"line":75,"column":0},"end":{"line":75,"column":56}},"75":{"start":{"line":76,"column":0},"end":{"line":76,"column":68}},"76":{"start":{"line":77,"column":0},"end":{"line":77,"column":14}},"77":{"start":{"line":78,"column":0},"end":{"line":78,"column":12}},"78":{"start":{"line":79,"column":0},"end":{"line":79,"column":20}},"80":{"start":{"line":81,"column":0},"end":{"line":81,"column":18}},"81":{"start":{"line":82,"column":0},"end":{"line":82,"column":36}},"82":{"start":{"line":83,"column":0},"end":{"line":83,"column":17}},"83":{"start":{"line":84,"column":0},"end":{"line":84,"column":77}},"85":{"start":{"line":86,"column":0},"end":{"line":86,"column":18}},"86":{"start":{"line":87,"column":0},"end":{"line":87,"column":13}},"87":{"start":{"line":88,"column":0},"end":{"line":88,"column":29}},"88":{"start":{"line":89,"column":0},"end":{"line":89,"column":53}},"89":{"start":{"line":90,"column":0},"end":{"line":90,"column":14}},"90":{"start":{"line":91,"column":0},"end":{"line":91,"column":12}},"92":{"start":{"line":93,"column":0},"end":{"line":93,"column":25}},"93":{"start":{"line":94,"column":0},"end":{"line":94,"column":20}},"94":{"start":{"line":95,"column":0},"end":{"line":95,"column":49}},"95":{"start":{"line":96,"column":0},"end":{"line":96,"column":20}},"96":{"start":{"line":97,"column":0},"end":{"line":97,"column":70}},"97":{"start":{"line":98,"column":0},"end":{"line":98,"column":56}},"98":{"start":{"line":99,"column":0},"end":{"line":99,"column":68}},"99":{"start":{"line":100,"column":0},"end":{"line":100,"column":14}},"100":{"start":{"line":101,"column":0},"end":{"line":101,"column":12}},"101":{"start":{"line":102,"column":0},"end":{"line":102,"column":20}},"103":{"start":{"line":104,"column":0},"end":{"line":104,"column":19}},"104":{"start":{"line":105,"column":0},"end":{"line":105,"column":17}},"105":{"start":{"line":106,"column":0},"end":{"line":106,"column":26}},"106":{"start":{"line":107,"column":0},"end":{"line":107,"column":29}},"107":{"start":{"line":108,"column":0},"end":{"line":108,"column":17}},"108":{"start":{"line":109,"column":0},"end":{"line":109,"column":38}},"109":{"start":{"line":110,"column":0},"end":{"line":110,"column":11}},"111":{"start":{"line":112,"column":0},"end":{"line":112,"column":19}},"112":{"start":{"line":113,"column":0},"end":{"line":113,"column":20}},"113":{"start":{"line":114,"column":0},"end":{"line":114,"column":13}},"114":{"start":{"line":115,"column":0},"end":{"line":115,"column":10}},"116":{"start":{"line":117,"column":0},"end":{"line":117,"column":2}}},"s":{"0":1,"1":1,"2":1,"13":1,"14":6,"16":6,"17":3,"18":3,"20":6,"21":6,"22":6,"23":6,"24":6,"25":6,"26":6,"28":6,"29":6,"30":6,"31":6,"33":6,"34":6,"35":6,"36":6,"37":6,"38":6,"40":6,"41":6,"42":6,"43":6,"44":6,"45":6,"46":6,"47":6,"48":6,"49":6,"51":6,"52":6,"53":6,"54":6,"56":6,"58":6,"59":6,"60":6,"61":6,"62":6,"63":6,"64":6,"65":6,"66":6,"67":6,"69":6,"70":6,"71":6,"72":6,"73":6,"74":6,"75":6,"76":6,"77":6,"78":6,"80":6,"81":6,"82":6,"83":6,"85":6,"86":6,"87":6,"88":6,"89":6,"90":6,"92":6,"93":6,"94":6,"95":6,"96":6,"97":6,"98":6,"99":6,"100":6,"101":6,"103":6,"104":6,"105":6,"106":6,"107":6,"108":6,"109":6,"111":6,"112":6,"113":6,"114":6,"116":6},"branchMap":{"0":{"type":"branch","line":14,"loc":{"start":{"line":14,"column":37},"end":{"line":117,"column":2}},"locations":[{"start":{"line":14,"column":37},"end":{"line":117,"column":2}}]},"1":{"type":"branch","line":45,"loc":{"start":{"line":45,"column":41},"end":{"line":45,"column":62}},"locations":[{"start":{"line":45,"column":41},"end":{"line":45,"column":62}}]},"2":{"type":"branch","line":45,"loc":{"start":{"line":45,"column":50},"end":{"line":45,"column":70}},"locations":[{"start":{"line":45,"column":50},"end":{"line":45,"column":70}}]},"3":{"type":"branch","line":46,"loc":{"start":{"line":46,"column":31},"end":{"line":46,"column":49}},"locations":[{"start":{"line":46,"column":31},"end":{"line":46,"column":49}}]},"4":{"type":"branch","line":46,"loc":{"start":{"line":46,"column":40},"end":{"line":46,"column":56}},"locations":[{"start":{"line":46,"column":40},"end":{"line":46,"column":56}}]},"5":{"type":"branch","line":47,"loc":{"start":{"line":47,"column":37},"end":{"line":47,"column":58}},"locations":[{"start":{"line":47,"column":37},"end":{"line":47,"column":58}}]},"6":{"type":"branch","line":47,"loc":{"start":{"line":47,"column":46},"end":{"line":47,"column":68}},"locations":[{"start":{"line":47,"column":46},"end":{"line":47,"column":68}}]},"7":{"type":"branch","line":74,"loc":{"start":{"line":74,"column":41},"end":{"line":74,"column":62}},"locations":[{"start":{"line":74,"column":41},"end":{"line":74,"column":62}}]},"8":{"type":"branch","line":74,"loc":{"start":{"line":74,"column":50},"end":{"line":74,"column":70}},"locations":[{"start":{"line":74,"column":50},"end":{"line":74,"column":70}}]},"9":{"type":"branch","line":75,"loc":{"start":{"line":75,"column":31},"end":{"line":75,"column":49}},"locations":[{"start":{"line":75,"column":31},"end":{"line":75,"column":49}}]},"10":{"type":"branch","line":75,"loc":{"start":{"line":75,"column":40},"end":{"line":75,"column":56}},"locations":[{"start":{"line":75,"column":40},"end":{"line":75,"column":56}}]},"11":{"type":"branch","line":76,"loc":{"start":{"line":76,"column":37},"end":{"line":76,"column":58}},"locations":[{"start":{"line":76,"column":37},"end":{"line":76,"column":58}}]},"12":{"type":"branch","line":76,"loc":{"start":{"line":76,"column":46},"end":{"line":76,"column":68}},"locations":[{"start":{"line":76,"column":46},"end":{"line":76,"column":68}}]},"13":{"type":"branch","line":97,"loc":{"start":{"line":97,"column":41},"end":{"line":97,"column":62}},"locations":[{"start":{"line":97,"column":41},"end":{"line":97,"column":62}}]},"14":{"type":"branch","line":97,"loc":{"start":{"line":97,"column":50},"end":{"line":97,"column":70}},"locations":[{"start":{"line":97,"column":50},"end":{"line":97,"column":70}}]},"15":{"type":"branch","line":98,"loc":{"start":{"line":98,"column":31},"end":{"line":98,"column":49}},"locations":[{"start":{"line":98,"column":31},"end":{"line":98,"column":49}}]},"16":{"type":"branch","line":98,"loc":{"start":{"line":98,"column":40},"end":{"line":98,"column":56}},"locations":[{"start":{"line":98,"column":40},"end":{"line":98,"column":56}}]},"17":{"type":"branch","line":99,"loc":{"start":{"line":99,"column":37},"end":{"line":99,"column":58}},"locations":[{"start":{"line":99,"column":37},"end":{"line":99,"column":58}}]},"18":{"type":"branch","line":99,"loc":{"start":{"line":99,"column":46},"end":{"line":99,"column":68}},"locations":[{"start":{"line":99,"column":46},"end":{"line":99,"column":68}}]},"19":{"type":"branch","line":17,"loc":{"start":{"line":17,"column":19},"end":{"line":19,"column":4}},"locations":[{"start":{"line":17,"column":19},"end":{"line":19,"column":4}}]}},"b":{"0":[6],"1":[1],"2":[5],"3":[1],"4":[5],"5":[1],"6":[5],"7":[1],"8":[5],"9":[1],"10":[5],"11":[1],"12":[5],"13":[1],"14":[5],"15":[1],"16":[5],"17":[1],"18":[5],"19":[3]},"fnMap":{"0":{"name":"FormContact","decl":{"start":{"line":14,"column":37},"end":{"line":117,"column":2}},"loc":{"start":{"line":14,"column":37},"end":{"line":117,"column":2}},"line":14},"1":{"name":"onFinish","decl":{"start":{"line":17,"column":19},"end":{"line":19,"column":4}},"loc":{"start":{"line":17,"column":19},"end":{"line":19,"column":4}},"line":17}},"f":{"0":6,"1":3}}
,"C:\\xampp\\XAMPP\\htdocs\\cryptoworld-2.0\\frontend\\src\\components\\detailsCrypto\\CryptoDetail.tsx": {"path":"C:\\xampp\\XAMPP\\htdocs\\cryptoworld-2.0\\frontend\\src\\components\\detailsCrypto\\CryptoDetail.tsx","all":false,"statementMap":{"0":{"start":{"line":1,"column":0},"end":{"line":1,"column":57}},"1":{"start":{"line":2,"column":0},"end":{"line":2,"column":45}},"2":{"start":{"line":3,"column":0},"end":{"line":3,"column":39}},"3":{"start":{"line":4,"column":0},"end":{"line":4,"column":34}},"4":{"start":{"line":5,"column":0},"end":{"line":5,"column":42}},"23":{"start":{"line":24,"column":0},"end":{"line":24,"column":55}},"25":{"start":{"line":26,"column":0},"end":{"line":26,"column":22}},"26":{"start":{"line":27,"column":0},"end":{"line":27,"column":16}},"27":{"start":{"line":28,"column":0},"end":{"line":28,"column":40}},"28":{"start":{"line":29,"column":0},"end":{"line":29,"column":6}},"29":{"start":{"line":30,"column":0},"end":{"line":30,"column":41}},"30":{"start":{"line":31,"column":0},"end":{"line":31,"column":29}},"31":{"start":{"line":32,"column":0},"end":{"line":32,"column":29}},"32":{"start":{"line":33,"column":0},"end":{"line":33,"column":15}},"33":{"start":{"line":34,"column":0},"end":{"line":34,"column":19}},"34":{"start":{"line":35,"column":0},"end":{"line":35,"column":2}},"36":{"start":{"line":37,"column":0},"end":{"line":37,"column":45}},"37":{"start":{"line":38,"column":0},"end":{"line":38,"column":31}},"38":{"start":{"line":39,"column":0},"end":{"line":39,"column":54}},"39":{"start":{"line":40,"column":0},"end":{"line":40,"column":59}},"41":{"start":{"line":42,"column":0},"end":{"line":42,"column":19}},"42":{"start":{"line":43,"column":0},"end":{"line":43,"column":35}},"43":{"start":{"line":44,"column":0},"end":{"line":44,"column":11}},"44":{"start":{"line":45,"column":0},"end":{"line":45,"column":58}},"45":{"start":{"line":46,"column":0},"end":{"line":46,"column":36}},"46":{"start":{"line":47,"column":0},"end":{"line":47,"column":23}},"47":{"start":{"line":48,"column":0},"end":{"line":48,"column":59}},"48":{"start":{"line":49,"column":0},"end":{"line":49,"column":7}},"49":{"start":{"line":50,"column":0},"end":{"line":50,"column":6}},"50":{"start":{"line":51,"column":0},"end":{"line":51,"column":16}},"51":{"start":{"line":52,"column":0},"end":{"line":52,"column":13}},"53":{"start":{"line":54,"column":0},"end":{"line":54,"column":19}},"54":{"start":{"line":55,"column":0},"end":{"line":55,"column":40}},"55":{"start":{"line":56,"column":0},"end":{"line":56,"column":50}},"56":{"start":{"line":57,"column":0},"end":{"line":57,"column":25}},"58":{"start":{"line":59,"column":0},"end":{"line":59,"column":11}},"59":{"start":{"line":60,"column":0},"end":{"line":60,"column":74}},"60":{"start":{"line":61,"column":0},"end":{"line":61,"column":56}},"61":{"start":{"line":62,"column":0},"end":{"line":62,"column":11}},"62":{"start":{"line":63,"column":0},"end":{"line":63,"column":52}},"63":{"start":{"line":64,"column":0},"end":{"line":64,"column":23}},"64":{"start":{"line":65,"column":0},"end":{"line":65,"column":62}},"65":{"start":{"line":66,"column":0},"end":{"line":66,"column":7}},"66":{"start":{"line":67,"column":0},"end":{"line":67,"column":6}},"67":{"start":{"line":68,"column":0},"end":{"line":68,"column":21}},"68":{"start":{"line":69,"column":0},"end":{"line":69,"column":9}},"70":{"start":{"line":71,"column":0},"end":{"line":71,"column":56}},"71":{"start":{"line":72,"column":0},"end":{"line":72,"column":22}},"72":{"start":{"line":73,"column":0},"end":{"line":73,"column":48}},"73":{"start":{"line":74,"column":0},"end":{"line":74,"column":17}},"74":{"start":{"line":75,"column":0},"end":{"line":75,"column":76}},"75":{"start":{"line":76,"column":0},"end":{"line":76,"column":13}},"76":{"start":{"line":77,"column":0},"end":{"line":77,"column":5}},"78":{"start":{"line":79,"column":0},"end":{"line":79,"column":9}},"79":{"start":{"line":80,"column":0},"end":{"line":80,"column":73}},"81":{"start":{"line":82,"column":0},"end":{"line":82,"column":38}},"82":{"start":{"line":83,"column":0},"end":{"line":83,"column":36}},"83":{"start":{"line":84,"column":0},"end":{"line":84,"column":9}},"84":{"start":{"line":85,"column":0},"end":{"line":85,"column":26}},"85":{"start":{"line":86,"column":0},"end":{"line":86,"column":26}},"86":{"start":{"line":87,"column":0},"end":{"line":87,"column":30}},"87":{"start":{"line":88,"column":0},"end":{"line":88,"column":32}},"88":{"start":{"line":89,"column":0},"end":{"line":89,"column":28}},"89":{"start":{"line":90,"column":0},"end":{"line":90,"column":30}},"90":{"start":{"line":91,"column":0},"end":{"line":91,"column":36}},"91":{"start":{"line":92,"column":0},"end":{"line":92,"column":10}},"92":{"start":{"line":93,"column":0},"end":{"line":93,"column":9}},"93":{"start":{"line":94,"column":0},"end":{"line":94,"column":32}},"94":{"start":{"line":95,"column":0},"end":{"line":95,"column":56}},"95":{"start":{"line":96,"column":0},"end":{"line":96,"column":9}},"96":{"start":{"line":97,"column":0},"end":{"line":97,"column":8}},"98":{"start":{"line":99,"column":0},"end":{"line":99,"column":23}},"99":{"start":{"line":100,"column":0},"end":{"line":100,"column":39}},"100":{"start":{"line":101,"column":0},"end":{"line":101,"column":29}},"101":{"start":{"line":102,"column":0},"end":{"line":102,"column":20}},"102":{"start":{"line":103,"column":0},"end":{"line":103,"column":9}},"104":{"start":{"line":105,"column":0},"end":{"line":105,"column":51}},"105":{"start":{"line":106,"column":0},"end":{"line":106,"column":30}},"106":{"start":{"line":107,"column":0},"end":{"line":107,"column":38}},"107":{"start":{"line":108,"column":0},"end":{"line":108,"column":62}},"108":{"start":{"line":109,"column":0},"end":{"line":109,"column":43}},"109":{"start":{"line":110,"column":0},"end":{"line":110,"column":68}},"110":{"start":{"line":111,"column":0},"end":{"line":111,"column":50}},"111":{"start":{"line":112,"column":0},"end":{"line":112,"column":77}},"112":{"start":{"line":113,"column":0},"end":{"line":113,"column":50}},"113":{"start":{"line":114,"column":0},"end":{"line":114,"column":68}},"114":{"start":{"line":115,"column":0},"end":{"line":115,"column":43}},"115":{"start":{"line":116,"column":0},"end":{"line":116,"column":16}},"116":{"start":{"line":117,"column":0},"end":{"line":117,"column":75}},"117":{"start":{"line":118,"column":0},"end":{"line":118,"column":9}},"118":{"start":{"line":119,"column":0},"end":{"line":119,"column":7}},"119":{"start":{"line":120,"column":0},"end":{"line":120,"column":5}},"120":{"start":{"line":121,"column":0},"end":{"line":121,"column":13}},"122":{"start":{"line":123,"column":0},"end":{"line":123,"column":69}},"123":{"start":{"line":124,"column":0},"end":{"line":124,"column":54}},"125":{"start":{"line":126,"column":0},"end":{"line":126,"column":10}},"126":{"start":{"line":127,"column":0},"end":{"line":127,"column":99}},"127":{"start":{"line":128,"column":0},"end":{"line":128,"column":63}},"128":{"start":{"line":129,"column":0},"end":{"line":129,"column":87}},"129":{"start":{"line":130,"column":0},"end":{"line":130,"column":14}},"130":{"start":{"line":131,"column":0},"end":{"line":131,"column":30}},"131":{"start":{"line":132,"column":0},"end":{"line":132,"column":27}},"132":{"start":{"line":133,"column":0},"end":{"line":133,"column":64}},"133":{"start":{"line":134,"column":0},"end":{"line":134,"column":12}},"134":{"start":{"line":135,"column":0},"end":{"line":135,"column":37}},"135":{"start":{"line":136,"column":0},"end":{"line":136,"column":13}},"136":{"start":{"line":137,"column":0},"end":{"line":137,"column":15}},"137":{"start":{"line":138,"column":0},"end":{"line":138,"column":22}},"138":{"start":{"line":139,"column":0},"end":{"line":139,"column":17}},"139":{"start":{"line":140,"column":0},"end":{"line":140,"column":25}},"140":{"start":{"line":141,"column":0},"end":{"line":141,"column":47}},"141":{"start":{"line":142,"column":0},"end":{"line":142,"column":50}},"143":{"start":{"line":144,"column":0},"end":{"line":144,"column":54}},"144":{"start":{"line":145,"column":0},"end":{"line":145,"column":34}},"145":{"start":{"line":146,"column":0},"end":{"line":146,"column":69}},"147":{"start":{"line":148,"column":0},"end":{"line":148,"column":54}},"148":{"start":{"line":149,"column":0},"end":{"line":149,"column":17}},"149":{"start":{"line":150,"column":0},"end":{"line":150,"column":12}},"151":{"start":{"line":152,"column":0},"end":{"line":152,"column":40}},"152":{"start":{"line":153,"column":0},"end":{"line":153,"column":58}},"153":{"start":{"line":154,"column":0},"end":{"line":154,"column":67}},"154":{"start":{"line":155,"column":0},"end":{"line":155,"column":12}},"155":{"start":{"line":156,"column":0},"end":{"line":156,"column":10}},"156":{"start":{"line":157,"column":0},"end":{"line":157,"column":32}},"157":{"start":{"line":158,"column":0},"end":{"line":158,"column":64}},"158":{"start":{"line":159,"column":0},"end":{"line":159,"column":13}},"160":{"start":{"line":161,"column":0},"end":{"line":161,"column":76}},"162":{"start":{"line":163,"column":0},"end":{"line":163,"column":12}},"163":{"start":{"line":164,"column":0},"end":{"line":164,"column":12}},"165":{"start":{"line":166,"column":0},"end":{"line":166,"column":99}},"166":{"start":{"line":167,"column":0},"end":{"line":167,"column":11}},"167":{"start":{"line":168,"column":0},"end":{"line":168,"column":75}},"168":{"start":{"line":169,"column":0},"end":{"line":169,"column":12}},"169":{"start":{"line":170,"column":0},"end":{"line":170,"column":11}},"170":{"start":{"line":171,"column":0},"end":{"line":171,"column":74}},"171":{"start":{"line":172,"column":0},"end":{"line":172,"column":12}},"172":{"start":{"line":173,"column":0},"end":{"line":173,"column":11}},"173":{"start":{"line":174,"column":0},"end":{"line":174,"column":46}},"174":{"start":{"line":175,"column":0},"end":{"line":175,"column":78}},"175":{"start":{"line":176,"column":0},"end":{"line":176,"column":12}},"176":{"start":{"line":177,"column":0},"end":{"line":177,"column":11}},"177":{"start":{"line":178,"column":0},"end":{"line":178,"column":62}},"178":{"start":{"line":179,"column":0},"end":{"line":179,"column":12}},"179":{"start":{"line":180,"column":0},"end":{"line":180,"column":11}},"180":{"start":{"line":181,"column":0},"end":{"line":181,"column":79}},"181":{"start":{"line":182,"column":0},"end":{"line":182,"column":12}},"182":{"start":{"line":183,"column":0},"end":{"line":183,"column":11}},"183":{"start":{"line":184,"column":0},"end":{"line":184,"column":78}},"184":{"start":{"line":185,"column":0},"end":{"line":185,"column":12}},"185":{"start":{"line":186,"column":0},"end":{"line":186,"column":12}},"187":{"start":{"line":188,"column":0},"end":{"line":188,"column":27}},"188":{"start":{"line":189,"column":0},"end":{"line":189,"column":10}},"189":{"start":{"line":190,"column":0},"end":{"line":190,"column":32}},"190":{"start":{"line":191,"column":0},"end":{"line":191,"column":25}},"191":{"start":{"line":192,"column":0},"end":{"line":192,"column":35}},"192":{"start":{"line":193,"column":0},"end":{"line":193,"column":81}},"193":{"start":{"line":194,"column":0},"end":{"line":194,"column":9}},"195":{"start":{"line":196,"column":0},"end":{"line":196,"column":12}},"198":{"start":{"line":199,"column":0},"end":{"line":199,"column":47}},"199":{"start":{"line":200,"column":0},"end":{"line":200,"column":31}},"200":{"start":{"line":201,"column":0},"end":{"line":201,"column":73}},"201":{"start":{"line":202,"column":0},"end":{"line":202,"column":55}},"202":{"start":{"line":203,"column":0},"end":{"line":203,"column":42}},"203":{"start":{"line":204,"column":0},"end":{"line":204,"column":26}},"204":{"start":{"line":205,"column":0},"end":{"line":205,"column":18}},"205":{"start":{"line":206,"column":0},"end":{"line":206,"column":33}},"206":{"start":{"line":207,"column":0},"end":{"line":207,"column":33}},"207":{"start":{"line":208,"column":0},"end":{"line":208,"column":59}},"208":{"start":{"line":209,"column":0},"end":{"line":209,"column":17}},"209":{"start":{"line":210,"column":0},"end":{"line":210,"column":32}},"210":{"start":{"line":211,"column":0},"end":{"line":211,"column":20}},"211":{"start":{"line":212,"column":0},"end":{"line":212,"column":19}},"212":{"start":{"line":213,"column":0},"end":{"line":213,"column":15}},"213":{"start":{"line":214,"column":0},"end":{"line":214,"column":15}},"214":{"start":{"line":215,"column":0},"end":{"line":215,"column":14}},"216":{"start":{"line":217,"column":0},"end":{"line":217,"column":10}},"218":{"start":{"line":219,"column":0},"end":{"line":219,"column":2}}},"s":{"0":1,"1":1,"2":1,"3":1,"4":1,"23":1,"25":1,"26":8,"27":8,"28":8,"29":8,"30":8,"31":8,"32":8,"33":8,"34":8,"36":1,"37":3,"38":3,"39":3,"41":3,"42":2,"43":2,"44":2,"45":2,"46":2,"47":0,"48":0,"49":2,"50":2,"51":3,"53":3,"54":2,"55":2,"56":2,"58":0,"59":0,"60":0,"61":0,"62":2,"63":2,"64":0,"65":0,"66":2,"67":2,"68":3,"70":3,"71":0,"72":0,"73":0,"74":0,"75":0,"76":0,"78":0,"79":0,"81":0,"82":0,"83":0,"84":0,"85":0,"86":0,"87":0,"88":0,"89":0,"90":0,"91":0,"92":0,"93":0,"94":0,"95":0,"96":0,"98":0,"99":0,"100":0,"101":0,"102":0,"104":0,"105":0,"106":0,"107":0,"108":0,"109":0,"110":0,"111":0,"112":0,"113":0,"114":0,"115":0,"116":0,"117":0,"118":0,"119":0,"120":3,"122":3,"123":1,"125":1,"126":1,"127":1,"128":1,"129":1,"130":1,"131":1,"132":1,"133":1,"134":1,"135":1,"136":1,"137":1,"138":1,"139":1,"140":0,"141":1,"143":3,"144":3,"145":3,"147":3,"148":3,"149":3,"151":3,"152":3,"153":3,"154":3,"155":3,"156":3,"157":3,"158":3,"160":3,"162":3,"163":3,"165":3,"166":3,"167":3,"168":3,"169":3,"170":3,"171":3,"172":3,"173":3,"174":3,"175":3,"176":3,"177":3,"178":3,"179":3,"180":3,"181":3,"182":3,"183":3,"184":3,"185":3,"187":3,"188":1,"189":1,"190":1,"191":1,"192":1,"193":1,"195":1,"198":3,"199":1,"200":1,"201":1,"202":1,"203":1,"204":1,"205":1,"206":1,"207":1,"208":1,"209":1,"210":1,"211":1,"212":1,"213":1,"214":1,"216":3,"218":3},"branchMap":{"0":{"type":"branch","line":26,"loc":{"start":{"line":26,"column":21},"end":{"line":35,"column":2}},"locations":[{"start":{"line":26,"column":21},"end":{"line":35,"column":2}}]},"1":{"type":"branch","line":37,"loc":{"start":{"line":37,"column":38},"end":{"line":219,"column":2}},"locations":[{"start":{"line":37,"column":38},"end":{"line":219,"column":2}}]},"2":{"type":"branch","line":123,"loc":{"start":{"line":123,"column":13},"end":{"line":123,"column":69}},"locations":[{"start":{"line":123,"column":13},"end":{"line":123,"column":69}}]},"3":{"type":"branch","line":123,"loc":{"start":{"line":123,"column":64},"end":{"line":140,"column":25}},"locations":[{"start":{"line":123,"column":64},"end":{"line":140,"column":25}}]},"4":{"type":"branch","line":140,"loc":{"start":{"line":140,"column":12},"end":{"line":141,"column":47}},"locations":[{"start":{"line":140,"column":12},"end":{"line":141,"column":47}}]},"5":{"type":"branch","line":141,"loc":{"start":{"line":141,"column":16},"end":{"line":142,"column":50}},"locations":[{"start":{"line":141,"column":16},"end":{"line":142,"column":50}}]},"6":{"type":"branch","line":144,"loc":{"start":{"line":144,"column":16},"end":{"line":144,"column":44}},"locations":[{"start":{"line":144,"column":16},"end":{"line":144,"column":44}}]},"7":{"type":"branch","line":144,"loc":{"start":{"line":144,"column":32},"end":{"line":144,"column":54}},"locations":[{"start":{"line":144,"column":32},"end":{"line":144,"column":54}}]},"8":{"type":"branch","line":146,"loc":{"start":{"line":146,"column":20},"end":{"line":146,"column":59}},"locations":[{"start":{"line":146,"column":20},"end":{"line":146,"column":59}}]},"9":{"type":"branch","line":146,"loc":{"start":{"line":146,"column":36},"end":{"line":146,"column":69}},"locations":[{"start":{"line":146,"column":36},"end":{"line":146,"column":69}}]},"10":{"type":"branch","line":148,"loc":{"start":{"line":148,"column":11},"end":{"line":148,"column":45}},"locations":[{"start":{"line":148,"column":11},"end":{"line":148,"column":45}}]},"11":{"type":"branch","line":148,"loc":{"start":{"line":148,"column":27},"end":{"line":148,"column":54}},"locations":[{"start":{"line":148,"column":27},"end":{"line":148,"column":54}}]},"12":{"type":"branch","line":158,"loc":{"start":{"line":158,"column":27},"end":{"line":158,"column":50}},"locations":[{"start":{"line":158,"column":27},"end":{"line":158,"column":50}}]},"13":{"type":"branch","line":158,"loc":{"start":{"line":158,"column":31},"end":{"line":158,"column":64}},"locations":[{"start":{"line":158,"column":31},"end":{"line":158,"column":64}}]},"14":{"type":"branch","line":161,"loc":{"start":{"line":161,"column":26},"end":{"line":161,"column":36}},"locations":[{"start":{"line":161,"column":26},"end":{"line":161,"column":36}}]},"15":{"type":"branch","line":161,"loc":{"start":{"line":161,"column":30},"end":{"line":161,"column":40}},"locations":[{"start":{"line":161,"column":30},"end":{"line":161,"column":40}}]},"16":{"type":"branch","line":188,"loc":{"start":{"line":188,"column":12},"end":{"line":196,"column":12}},"locations":[{"start":{"line":188,"column":12},"end":{"line":196,"column":12}}]},"17":{"type":"branch","line":199,"loc":{"start":{"line":199,"column":12},"end":{"line":199,"column":47}},"locations":[{"start":{"line":199,"column":12},"end":{"line":199,"column":47}}]},"18":{"type":"branch","line":199,"loc":{"start":{"line":199,"column":41},"end":{"line":215,"column":14}},"locations":[{"start":{"line":199,"column":41},"end":{"line":215,"column":14}}]},"19":{"type":"branch","line":42,"loc":{"start":{"line":42,"column":12},"end":{"line":52,"column":5}},"locations":[{"start":{"line":42,"column":12},"end":{"line":52,"column":5}}]},"20":{"type":"branch","line":43,"loc":{"start":{"line":43,"column":22},"end":{"line":50,"column":6}},"locations":[{"start":{"line":43,"column":22},"end":{"line":50,"column":6}}]},"21":{"type":"branch","line":47,"loc":{"start":{"line":47,"column":6},"end":{"line":49,"column":7}},"locations":[{"start":{"line":47,"column":6},"end":{"line":49,"column":7}}]},"22":{"type":"branch","line":54,"loc":{"start":{"line":54,"column":12},"end":{"line":69,"column":5}},"locations":[{"start":{"line":54,"column":12},"end":{"line":69,"column":5}}]},"23":{"type":"branch","line":55,"loc":{"start":{"line":55,"column":27},"end":{"line":67,"column":6}},"locations":[{"start":{"line":55,"column":27},"end":{"line":67,"column":6}}]},"24":{"type":"branch","line":57,"loc":{"start":{"line":57,"column":18},"end":{"line":63,"column":50}},"locations":[{"start":{"line":57,"column":18},"end":{"line":63,"column":50}}]},"25":{"type":"branch","line":64,"loc":{"start":{"line":64,"column":6},"end":{"line":66,"column":7}},"locations":[{"start":{"line":64,"column":6},"end":{"line":66,"column":7}}]},"26":{"type":"branch","line":203,"loc":{"start":{"line":203,"column":28},"end":{"line":212,"column":19}},"locations":[{"start":{"line":203,"column":28},"end":{"line":212,"column":19}}]}},"b":{"0":[8],"1":[3],"2":[2],"3":[1],"4":[0],"5":[1],"6":[0],"7":[1],"8":[1],"9":[0],"10":[0],"11":[1],"12":[1],"13":[0],"14":[1],"15":[0],"16":[1],"17":[1],"18":[1],"19":[2],"20":[2],"21":[0],"22":[2],"23":[2],"24":[0],"25":[0],"26":[1]},"fnMap":{"0":{"name":"formatNumber","decl":{"start":{"line":26,"column":21},"end":{"line":35,"column":2}},"loc":{"start":{"line":26,"column":21},"end":{"line":35,"column":2}},"line":26},"1":{"name":"CryptoDetail","decl":{"start":{"line":37,"column":38},"end":{"line":219,"column":2}},"loc":{"start":{"line":37,"column":38},"end":{"line":219,"column":2}},"line":37},"2":{"name":"fetchCoin","decl":{"start":{"line":43,"column":22},"end":{"line":50,"column":6}},"loc":{"start":{"line":43,"column":22},"end":{"line":50,"column":6}},"line":43},"3":{"name":"fetchWatchlist","decl":{"start":{"line":55,"column":27},"end":{"line":67,"column":6}},"loc":{"start":{"line":55,"column":27},"end":{"line":67,"column":6}},"line":55}},"f":{"0":8,"1":3,"2":2,"3":2}}
,"C:\\xampp\\XAMPP\\htdocs\\cryptoworld-2.0\\frontend\\src\\components\\global\\AuthButton.tsx": {"path":"C:\\xampp\\XAMPP\\htdocs\\cryptoworld-2.0\\frontend\\src\\components\\global\\AuthButton.tsx","all":true,"statementMap":{"0":{"start":{"line":1,"column":0},"end":{"line":1,"column":33}},"1":{"start":{"line":2,"column":0},"end":{"line":2,"column":36}},"2":{"start":{"line":3,"column":0},"end":{"line":3,"column":49}},"3":{"start":{"line":4,"column":0},"end":{"line":4,"column":46}},"4":{"start":{"line":5,"column":0},"end":{"line":5,"column":48}},"5":{"start":{"line":6,"column":0},"end":{"line":6,"column":46}},"7":{"start":{"line":8,"column":0},"end":{"line":8,"column":31}},"9":{"start":{"line":10,"column":0},"end":{"line":10,"column":33}},"10":{"start":{"line":11,"column":0},"end":{"line":11,"column":42}},"11":{"start":{"line":12,"column":0},"end":{"line":12,"column":31}},"12":{"start":{"line":13,"column":0},"end":{"line":13,"column":40}},"13":{"start":{"line":14,"column":0},"end":{"line":14,"column":38}},"15":{"start":{"line":16,"column":0},"end":{"line":16,"column":80}},"16":{"start":{"line":17,"column":0},"end":{"line":17,"column":10}},"17":{"start":{"line":18,"column":0},"end":{"line":18,"column":6}},"18":{"start":{"line":19,"column":0},"end":{"line":19,"column":13}},"19":{"start":{"line":20,"column":0},"end":{"line":20,"column":55}},"20":{"start":{"line":21,"column":0},"end":{"line":21,"column":54}},"21":{"start":{"line":22,"column":0},"end":{"line":22,"column":61}},"22":{"start":{"line":23,"column":0},"end":{"line":23,"column":15}},"23":{"start":{"line":24,"column":0},"end":{"line":24,"column":76}},"25":{"start":{"line":26,"column":0},"end":{"line":26,"column":23}},"26":{"start":{"line":27,"column":0},"end":{"line":27,"column":37}},"28":{"start":{"line":29,"column":0},"end":{"line":29,"column":49}},"29":{"start":{"line":30,"column":0},"end":{"line":30,"column":15}},"30":{"start":{"line":31,"column":0},"end":{"line":31,"column":62}},"31":{"start":{"line":32,"column":0},"end":{"line":32,"column":7}},"33":{"start":{"line":34,"column":0},"end":{"line":34,"column":2}}},"s":{"0":0,"1":0,"2":0,"3":0,"4":0,"5":0,"7":0,"9":0,"10":0,"11":0,"12":0,"13":0,"15":0,"16":0,"17":0,"18":0,"19":0,"20":0,"21":0,"22":0,"23":0,"25":0,"26":0,"28":0,"29":0,"30":0,"31":0,"33":0},"branchMap":{"0":{"type":"branch","line":1,"loc":{"start":{"line":1,"column":1124},"end":{"line":34,"column":2}},"locations":[{"start":{"line":1,"column":1124},"end":{"line":34,"column":2}}]}},"b":{"0":[0]},"fnMap":{"0":{"name":"(empty-report)","decl":{"start":{"line":1,"column":1124},"end":{"line":34,"column":2}},"loc":{"start":{"line":1,"column":1124},"end":{"line":34,"column":2}},"line":1}},"f":{"0":0}}
,"C:\\xampp\\XAMPP\\htdocs\\cryptoworld-2.0\\frontend\\src\\components\\global\\BreadcrumbComponent.tsx": {"path":"C:\\xampp\\XAMPP\\htdocs\\cryptoworld-2.0\\frontend\\src\\components\\global\\BreadcrumbComponent.tsx","all":false,"statementMap":{"0":{"start":{"line":1,"column":0},"end":{"line":1,"column":26}},"1":{"start":{"line":2,"column":0},"end":{"line":2,"column":34}},"3":{"start":{"line":4,"column":0},"end":{"line":4,"column":8}},"13":{"start":{"line":14,"column":0},"end":{"line":14,"column":47}},"15":{"start":{"line":16,"column":0},"end":{"line":16,"column":23}},"18":{"start":{"line":19,"column":0},"end":{"line":19,"column":5}},"19":{"start":{"line":20,"column":0},"end":{"line":20,"column":53}},"20":{"start":{"line":21,"column":0},"end":{"line":21,"column":65}},"21":{"start":{"line":22,"column":0},"end":{"line":22,"column":17}},"22":{"start":{"line":23,"column":0},"end":{"line":23,"column":36}},"23":{"start":{"line":24,"column":0},"end":{"line":24,"column":36}},"24":{"start":{"line":25,"column":0},"end":{"line":25,"column":4}},"25":{"start":{"line":26,"column":0},"end":{"line":26,"column":62}},"26":{"start":{"line":27,"column":0},"end":{"line":27,"column":62}},"27":{"start":{"line":28,"column":0},"end":{"line":28,"column":71}},"28":{"start":{"line":29,"column":0},"end":{"line":29,"column":67}},"29":{"start":{"line":30,"column":0},"end":{"line":30,"column":61}},"30":{"start":{"line":31,"column":0},"end":{"line":31,"column":2}},"34":{"start":{"line":35,"column":0},"end":{"line":35,"column":78}},"35":{"start":{"line":36,"column":0},"end":{"line":36,"column":33}},"37":{"start":{"line":38,"column":0},"end":{"line":38,"column":68}},"39":{"start":{"line":40,"column":0},"end":{"line":40,"column":25}},"40":{"start":{"line":41,"column":0},"end":{"line":41,"column":29}},"41":{"start":{"line":42,"column":0},"end":{"line":42,"column":13}},"42":{"start":{"line":43,"column":0},"end":{"line":43,"column":40}},"43":{"start":{"line":44,"column":0},"end":{"line":44,"column":66}},"44":{"start":{"line":45,"column":0},"end":{"line":45,"column":11}},"46":{"start":{"line":47,"column":0},"end":{"line":47,"column":31}},"47":{"start":{"line":48,"column":0},"end":{"line":48,"column":43}},"48":{"start":{"line":49,"column":0},"end":{"line":49,"column":35}},"49":{"start":{"line":50,"column":0},"end":{"line":50,"column":30}},"51":{"start":{"line":52,"column":0},"end":{"line":52,"column":14}},"52":{"start":{"line":53,"column":0},"end":{"line":53,"column":16}},"53":{"start":{"line":54,"column":0},"end":{"line":54,"column":85}},"54":{"start":{"line":55,"column":0},"end":{"line":55,"column":40}},"55":{"start":{"line":56,"column":0},"end":{"line":56,"column":17}},"57":{"start":{"line":58,"column":0},"end":{"line":58,"column":8}},"58":{"start":{"line":59,"column":0},"end":{"line":59,"column":6}},"59":{"start":{"line":60,"column":0},"end":{"line":60,"column":61}},"61":{"start":{"line":62,"column":0},"end":{"line":62,"column":27}},"62":{"start":{"line":63,"column":0},"end":{"line":63,"column":69}},"63":{"start":{"line":64,"column":0},"end":{"line":64,"column":11}},"64":{"start":{"line":65,"column":0},"end":{"line":65,"column":11}},"67":{"start":{"line":68,"column":0},"end":{"line":68,"column":80}},"68":{"start":{"line":69,"column":0},"end":{"line":69,"column":2}}},"s":{"0":1,"1":1,"3":1,"13":1,"15":1,"18":1,"19":1,"20":1,"21":1,"22":1,"23":1,"24":1,"25":1,"26":1,"27":1,"28":1,"29":1,"30":1,"34":1,"35":5,"37":5,"39":5,"40":5,"41":2,"42":3,"43":4,"44":3,"46":5,"47":5,"48":6,"49":6,"51":5,"52":5,"53":5,"54":5,"55":5,"57":5,"58":5,"59":5,"61":5,"62":5,"63":5,"64":5,"67":5,"68":5},"branchMap":{"0":{"type":"branch","line":35,"loc":{"start":{"line":35,"column":62},"end":{"line":69,"column":2}},"locations":[{"start":{"line":35,"column":62},"end":{"line":69,"column":2}}]},"1":{"type":"branch","line":41,"loc":{"start":{"line":41,"column":28},"end":{"line":42,"column":13}},"locations":[{"start":{"line":41,"column":28},"end":{"line":42,"column":13}}]},"2":{"type":"branch","line":42,"loc":{"start":{"line":42,"column":12},"end":{"line":45,"column":11}},"locations":[{"start":{"line":42,"column":12},"end":{"line":45,"column":11}}]},"3":{"type":"branch","line":43,"loc":{"start":{"line":43,"column":25},"end":{"line":45,"column":9}},"locations":[{"start":{"line":43,"column":25},"end":{"line":45,"column":9}}]},"4":{"type":"branch","line":48,"loc":{"start":{"line":48,"column":9},"end":{"line":59,"column":5}},"locations":[{"start":{"line":48,"column":9},"end":{"line":59,"column":5}}]},"5":{"type":"branch","line":50,"loc":{"start":{"line":50,"column":18},"end":{"line":50,"column":30}},"locations":[{"start":{"line":50,"column":18},"end":{"line":50,"column":30}}]},"6":{"type":"branch","line":50,"loc":{"start":{"line":50,"column":25},"end":{"line":58,"column":8}},"locations":[{"start":{"line":50,"column":25},"end":{"line":58,"column":8}}]},"7":{"type":"branch","line":60,"loc":{"start":{"line":60,"column":12},"end":{"line":60,"column":59}},"locations":[{"start":{"line":60,"column":12},"end":{"line":60,"column":59}}]}},"b":{"0":[5],"1":[2],"2":[3],"3":[4],"4":[6],"5":[1],"6":[5],"7":[6]},"fnMap":{"0":{"name":"BreadcrumbComponent","decl":{"start":{"line":35,"column":62},"end":{"line":69,"column":2}},"loc":{"start":{"line":35,"column":62},"end":{"line":69,"column":2}},"line":35}},"f":{"0":5}}
,"C:\\xampp\\XAMPP\\htdocs\\cryptoworld-2.0\\frontend\\src\\components\\global\\ButtonCollapseSider.tsx": {"path":"C:\\xampp\\XAMPP\\htdocs\\cryptoworld-2.0\\frontend\\src\\components\\global\\ButtonCollapseSider.tsx","all":false,"statementMap":{"0":{"start":{"line":1,"column":0},"end":{"line":1,"column":26}},"1":{"start":{"line":2,"column":0},"end":{"line":2,"column":30}},"2":{"start":{"line":3,"column":0},"end":{"line":3,"column":73}},"13":{"start":{"line":14,"column":0},"end":{"line":14,"column":54}},"14":{"start":{"line":15,"column":0},"end":{"line":15,"column":12}},"15":{"start":{"line":16,"column":0},"end":{"line":16,"column":18}},"16":{"start":{"line":17,"column":0},"end":{"line":17,"column":18}},"17":{"start":{"line":18,"column":0},"end":{"line":18,"column":16}},"18":{"start":{"line":19,"column":0},"end":{"line":19,"column":8}},"19":{"start":{"line":20,"column":0},"end":{"line":20,"column":12}},"20":{"start":{"line":21,"column":0},"end":{"line":21,"column":7}},"21":{"start":{"line":22,"column":0},"end":{"line":22,"column":73}},"23":{"start":{"line":24,"column":0},"end":{"line":24,"column":10}},"24":{"start":{"line":25,"column":0},"end":{"line":25,"column":11}},"25":{"start":{"line":26,"column":0},"end":{"line":26,"column":17}},"26":{"start":{"line":27,"column":0},"end":{"line":27,"column":17}},"27":{"start":{"line":28,"column":0},"end":{"line":28,"column":31}},"28":{"start":{"line":29,"column":0},"end":{"line":29,"column":27}},"29":{"start":{"line":30,"column":0},"end":{"line":30,"column":14}},"30":{"start":{"line":31,"column":0},"end":{"line":31,"column":34}},"31":{"start":{"line":32,"column":0},"end":{"line":32,"column":53}},"32":{"start":{"line":33,"column":0},"end":{"line":33,"column":18}},"33":{"start":{"line":34,"column":0},"end":{"line":34,"column":19}},"34":{"start":{"line":35,"column":0},"end":{"line":35,"column":17}},"35":{"start":{"line":36,"column":0},"end":{"line":36,"column":8}},"36":{"start":{"line":37,"column":0},"end":{"line":37,"column":6}},"38":{"start":{"line":39,"column":0},"end":{"line":39,"column":2}}},"s":{"0":1,"1":1,"2":1,"13":1,"14":4,"15":4,"16":4,"17":4,"18":4,"19":4,"20":4,"21":4,"23":4,"24":4,"25":4,"26":4,"27":4,"28":4,"29":4,"30":4,"31":4,"32":4,"33":4,"34":4,"35":4,"36":4,"38":4},"branchMap":{"0":{"type":"branch","line":14,"loc":{"start":{"line":14,"column":52},"end":{"line":39,"column":2}},"locations":[{"start":{"line":14,"column":52},"end":{"line":39,"column":2}}]},"1":{"type":"branch","line":22,"loc":{"start":{"line":22,"column":15},"end":{"line":22,"column":52}},"locations":[{"start":{"line":22,"column":15},"end":{"line":22,"column":52}}]},"2":{"type":"branch","line":22,"loc":{"start":{"line":22,"column":47},"end":{"line":22,"column":73}},"locations":[{"start":{"line":22,"column":47},"end":{"line":22,"column":73}}]},"3":{"type":"branch","line":32,"loc":{"start":{"line":32,"column":25},"end":{"line":32,"column":43}},"locations":[{"start":{"line":32,"column":25},"end":{"line":32,"column":43}}]},"4":{"type":"branch","line":32,"loc":{"start":{"line":32,"column":34},"end":{"line":32,"column":53}},"locations":[{"start":{"line":32,"column":34},"end":{"line":32,"column":53}}]}},"b":{"0":[4],"1":[1],"2":[3],"3":[1],"4":[3]},"fnMap":{"0":{"name":"ButtonCollapseSider","decl":{"start":{"line":14,"column":52},"end":{"line":39,"column":2}},"loc":{"start":{"line":14,"column":52},"end":{"line":39,"column":2}},"line":14}},"f":{"0":4}}
,"C:\\xampp\\XAMPP\\htdocs\\cryptoworld-2.0\\frontend\\src\\components\\global\\HeaderContain.tsx": {"path":"C:\\xampp\\XAMPP\\htdocs\\cryptoworld-2.0\\frontend\\src\\components\\global\\HeaderContain.tsx","all":false,"statementMap":{"0":{"start":{"line":1,"column":0},"end":{"line":1,"column":27}},"1":{"start":{"line":2,"column":0},"end":{"line":2,"column":47}},"10":{"start":{"line":11,"column":0},"end":{"line":11,"column":40}},"11":{"start":{"line":12,"column":0},"end":{"line":12,"column":9}},"12":{"start":{"line":13,"column":0},"end":{"line":13,"column":36}},"13":{"start":{"line":14,"column":0},"end":{"line":14,"column":16}},"14":{"start":{"line":15,"column":0},"end":{"line":15,"column":93}},"15":{"start":{"line":16,"column":0},"end":{"line":16,"column":4}},"16":{"start":{"line":17,"column":0},"end":{"line":17,"column":12}},"17":{"start":{"line":18,"column":0},"end":{"line":18,"column":32}},"18":{"start":{"line":19,"column":0},"end":{"line":19,"column":16}},"19":{"start":{"line":20,"column":0},"end":{"line":20,"column":99}},"20":{"start":{"line":21,"column":0},"end":{"line":21,"column":4}},"21":{"start":{"line":22,"column":0},"end":{"line":22,"column":14}},"22":{"start":{"line":23,"column":0},"end":{"line":23,"column":42}},"23":{"start":{"line":24,"column":0},"end":{"line":24,"column":16}},"24":{"start":{"line":25,"column":0},"end":{"line":25,"column":73}},"25":{"start":{"line":26,"column":0},"end":{"line":26,"column":4}},"26":{"start":{"line":27,"column":0},"end":{"line":27,"column":12}},"27":{"start":{"line":28,"column":0},"end":{"line":28,"column":44}},"28":{"start":{"line":29,"column":0},"end":{"line":29,"column":16}},"29":{"start":{"line":30,"column":0},"end":{"line":30,"column":125}},"30":{"start":{"line":31,"column":0},"end":{"line":31,"column":4}},"31":{"start":{"line":32,"column":0},"end":{"line":32,"column":12}},"32":{"start":{"line":33,"column":0},"end":{"line":33,"column":24}},"33":{"start":{"line":34,"column":0},"end":{"line":34,"column":16}},"34":{"start":{"line":35,"column":0},"end":{"line":35,"column":122}},"35":{"start":{"line":36,"column":0},"end":{"line":36,"column":4}},"36":{"start":{"line":37,"column":0},"end":{"line":37,"column":10}},"37":{"start":{"line":38,"column":0},"end":{"line":38,"column":50}},"38":{"start":{"line":39,"column":0},"end":{"line":39,"column":16}},"39":{"start":{"line":40,"column":0},"end":{"line":40,"column":188}},"40":{"start":{"line":41,"column":0},"end":{"line":41,"column":4}},"41":{"start":{"line":42,"column":0},"end":{"line":42,"column":12}},"42":{"start":{"line":43,"column":0},"end":{"line":43,"column":31}},"43":{"start":{"line":44,"column":0},"end":{"line":44,"column":16}},"44":{"start":{"line":45,"column":0},"end":{"line":45,"column":158}},"45":{"start":{"line":46,"column":0},"end":{"line":46,"column":4}},"46":{"start":{"line":47,"column":0},"end":{"line":47,"column":11}},"47":{"start":{"line":48,"column":0},"end":{"line":48,"column":22}},"48":{"start":{"line":49,"column":0},"end":{"line":49,"column":16}},"49":{"start":{"line":50,"column":0},"end":{"line":50,"column":73}},"50":{"start":{"line":51,"column":0},"end":{"line":51,"column":4}},"51":{"start":{"line":52,"column":0},"end":{"line":52,"column":2}},"57":{"start":{"line":58,"column":0},"end":{"line":58,"column":77}},"58":{"start":{"line":59,"column":0},"end":{"line":59,"column":33}},"59":{"start":{"line":60,"column":0},"end":{"line":60,"column":57}},"61":{"start":{"line":62,"column":0},"end":{"line":62,"column":49}},"62":{"start":{"line":63,"column":0},"end":{"line":63,"column":19}},"63":{"start":{"line":64,"column":0},"end":{"line":64,"column":23}},"64":{"start":{"line":65,"column":0},"end":{"line":65,"column":22}},"65":{"start":{"line":66,"column":0},"end":{"line":66,"column":30}},"66":{"start":{"line":67,"column":0},"end":{"line":67,"column":24}},"67":{"start":{"line":68,"column":0},"end":{"line":68,"column":25}},"68":{"start":{"line":69,"column":0},"end":{"line":69,"column":38}},"69":{"start":{"line":70,"column":0},"end":{"line":70,"column":4}},"71":{"start":{"line":72,"column":0},"end":{"line":72,"column":59}},"72":{"start":{"line":73,"column":0},"end":{"line":73,"column":34}},"73":{"start":{"line":74,"column":0},"end":{"line":74,"column":46}},"74":{"start":{"line":75,"column":0},"end":{"line":75,"column":4}},"76":{"start":{"line":77,"column":0},"end":{"line":77,"column":10}},"77":{"start":{"line":78,"column":0},"end":{"line":78,"column":46}},"78":{"start":{"line":79,"column":0},"end":{"line":79,"column":69}},"79":{"start":{"line":80,"column":0},"end":{"line":80,"column":72}},"80":{"start":{"line":81,"column":0},"end":{"line":81,"column":12}},"81":{"start":{"line":82,"column":0},"end":{"line":82,"column":79}},"82":{"start":{"line":83,"column":0},"end":{"line":83,"column":15}},"83":{"start":{"line":84,"column":0},"end
[...]
,"C:\\xampp\\XAMPP\\htdocs\\cryptoworld-2.0\\frontend\\src\\hooks\\AuthHelpers.ts": {"path":"C:\\xampp\\XAMPP\\htdocs\\cryptoworld-2.0\\frontend\\src\\hooks\\AuthHelpers.ts","all":true,"statementMap":{"0":{"start":{"line":1,"column":0},"end":{"line":1,"column":47}},"1":{"start":{"line":2,"column":0},"end":{"line":2,"column":46}},"2":{"start":{"line":3,"column":0},"end":{"line":3,"column":17}},"3":{"start":{"line":4,"column":0},"end":{"line":4,"column":2}}},"s":{"0":0,"1":0,"2":0,"3":0},"branchMap":{"0":{"type":"branch","line":1,"loc":{"start":{"line":1,"column":115},"end":{"line":4,"column":2}},"locations":[{"start":{"line":1,"column":115},"end":{"line":4,"column":2}}]}},"b":{"0":[0]},"fnMap":{"0":{"name":"(empty-report)","decl":{"start":{"line":1,"column":115},"end":{"line":4,"column":2}},"loc":{"start":{"line":1,"column":115},"end":{"line":4,"column":2}},"line":1}},"f":{"0":0}}
,"C:\\xampp\\XAMPP\\htdocs\\cryptoworld-2.0\\frontend\\src\\hooks\\useAuth.ts": {"path":"C:\\xampp\\XAMPP\\htdocs\\cryptoworld-2.0\\frontend\\src\\hooks\\useAuth.ts","all":true,"statementMap":{"0":{"start":{"line":1,"column":0},"end":{"line":1,"column":35}},"1":{"start":{"line":2,"column":0},"end":{"line":2,"column":53}},"3":{"start":{"line":4,"column":0},"end":{"line":4,"column":30}},"4":{"start":{"line":5,"column":0},"end":{"line":5,"column":42}},"5":{"start":{"line":6,"column":0},"end":{"line":6,"column":17}},"6":{"start":{"line":7,"column":0},"end":{"line":7,"column":67}},"7":{"start":{"line":8,"column":0},"end":{"line":8,"column":3}},"8":{"start":{"line":9,"column":0},"end":{"line":9,"column":17}},"9":{"start":{"line":10,"column":0},"end":{"line":10,"column":2}}},"s":{"0":0,"1":0,"3":0,"4":0,"5":0,"6":0,"7":0,"8":0,"9":0},"branchMap":{"0":{"type":"branch","line":1,"loc":{"start":{"line":1,"column":284},"end":{"line":10,"column":2}},"locations":[{"start":{"line":1,"column":284},"end":{"line":10,"column":2}}]}},"b":{"0":[0]},"fnMap":{"0":{"name":"(empty-report)","decl":{"start":{"line":1,"column":284},"end":{"line":10,"column":2}},"loc":{"start":{"line":1,"column":284},"end":{"line":10,"column":2}},"line":1}},"f":{"0":0}}
,"C:\\xampp\\XAMPP\\htdocs\\cryptoworld-2.0\\frontend\\src\\hooks\\useLanguage.ts": {"path":"C:\\xampp\\XAMPP\\htdocs\\cryptoworld-2.0\\frontend\\src\\hooks\\useLanguage.ts","all":true,"statementMap":{"0":{"start":{"line":1,"column":0},"end":{"line":1,"column":35}},"1":{"start":{"line":2,"column":0},"end":{"line":2,"column":61}},"3":{"start":{"line":4,"column":0},"end":{"line":4,"column":34}},"4":{"start":{"line":5,"column":0},"end":{"line":5,"column":46}},"5":{"start":{"line":6,"column":0},"end":{"line":6,"column":15}},"6":{"start":{"line":7,"column":0},"end":{"line":7,"column":74}},"7":{"start":{"line":8,"column":0},"end":{"line":8,"column":17}},"8":{"start":{"line":9,"column":0},"end":{"line":9,"column":2}}},"s":{"0":0,"1":0,"3":0,"4":0,"5":0,"6":0,"7":0,"8":0},"branchMap":{"0":{"type":"branch","line":1,"loc":{"start":{"line":1,"column":300},"end":{"line":9,"column":2}},"locations":[{"start":{"line":1,"column":300},"end":{"line":9,"column":2}}]}},"b":{"0":[0]},"fnMap":{"0":{"name":"(empty-report)","decl":{"start":{"line":1,"column":300},"end":{"line":9,"column":2}},"loc":{"start":{"line":1,"column":300},"end":{"line":9,"column":2}},"line":1}},"f":{"0":0}}
,"C:\\xampp\\XAMPP\\htdocs\\cryptoworld-2.0\\frontend\\src\\hooks\\useTheme.ts": {"path":"C:\\xampp\\XAMPP\\htdocs\\cryptoworld-2.0\\frontend\\src\\hooks\\useTheme.ts","all":true,"statementMap":{"0":{"start":{"line":1,"column":0},"end":{"line":1,"column":35}},"1":{"start":{"line":2,"column":0},"end":{"line":2,"column":55}},"3":{"start":{"line":4,"column":0},"end":{"line":4,"column":31}},"4":{"start":{"line":5,"column":0},"end":{"line":5,"column":39}},"5":{"start":{"line":6,"column":0},"end":{"line":6,"column":76}},"6":{"start":{"line":7,"column":0},"end":{"line":7,"column":13}},"7":{"start":{"line":8,"column":0},"end":{"line":8,"column":2}}},"s":{"0":0,"1":0,"3":0,"4":0,"5":0,"6":0,"7":0},"branchMap":{"0":{"type":"branch","line":1,"loc":{"start":{"line":1,"column":265},"end":{"line":8,"column":2}},"locations":[{"start":{"line":1,"column":265},"end":{"line":8,"column":2}}]}},"b":{"0":[0]},"fnMap":{"0":{"name":"(empty-report)","decl":{"start":{"line":1,"column":265},"end":{"line":8,"column":2}},"loc":{"start":{"line":1,"column":265},"end":{"line":8,"column":2}},"line":1}},"f":{"0":0}}
,"C:\\xampp\\XAMPP\\htdocs\\cryptoworld-2.0\\frontend\\src\\lib\\axios.ts": {"path":"C:\\xampp\\XAMPP\\htdocs\\cryptoworld-2.0\\frontend\\src\\lib\\axios.ts","all":false,"statementMap":{"0":{"start":{"line":1,"column":0},"end":{"line":1,"column":26}},"1":{"start":{"line":2,"column":0},"end":{"line":2,"column":31}},"3":{"start":{"line":4,"column":0},"end":{"line":4,"column":55}},"5":{"start":{"line":6,"column":0},"end":{"line":6,"column":26}},"6":{"start":{"line":7,"column":0},"end":{"line":7,"column":24}},"7":{"start":{"line":8,"column":0},"end":{"line":8,"column":12}},"8":{"start":{"line":9,"column":0},"end":{"line":9,"column":39}},"9":{"start":{"line":10,"column":0},"end":{"line":10,"column":4}},"10":{"start":{"line":11,"column":0},"end":{"line":11,"column":24}},"11":{"start":{"line":12,"column":0},"end":{"line":12,"column":3}},"14":{"start":{"line":15,"column":0},"end":{"line":15,"column":42}},"15":{"start":{"line":16,"column":0},"end":{"line":16,"column":46}},"16":{"start":{"line":17,"column":0},"end":{"line":17,"column":62}},"17":{"start":{"line":18,"column":0},"end":{"line":18,"column":16}},"18":{"start":{"line":19,"column":0},"end":{"line":19,"column":3}},"21":{"start":{"line":22,"column":0},"end":{"line":22,"column":30}},"22":{"start":{"line":23,"column":0},"end":{"line":23,"column":25}},"23":{"start":{"line":24,"column":0},"end":{"line":24,"column":14}},"24":{"start":{"line":25,"column":0},"end":{"line":25,"column":41}},"25":{"start":{"line":26,"column":0},"end":{"line":26,"column":39}},"26":{"start":{"line":27,"column":0},"end":{"line":27,"column":38}},"27":{"start":{"line":28,"column":0},"end":{"line":28,"column":67}},"28":{"start":{"line":29,"column":0},"end":{"line":29,"column":33}},"29":{"start":{"line":30,"column":0},"end":{"line":30,"column":5}},"30":{"start":{"line":31,"column":0},"end":{"line":31,"column":33}},"31":{"start":{"line":32,"column":0},"end":{"line":32,"column":3}},"32":{"start":{"line":33,"column":0},"end":{"line":33,"column":2}},"34":{"start":{"line":35,"column":0},"end":{"line":35,"column":19}}},"s":{"0":1,"1":1,"3":1,"5":1,"6":1,"7":1,"8":1,"9":1,"10":1,"11":1,"14":1,"15":0,"16":0,"17":0,"18":0,"21":1,"22":1,"23":1,"24":0,"25":0,"26":0,"27":0,"28":0,"29":0,"30":0,"31":0,"32":1,"34":1},"branchMap":{},"b":{},"fnMap":{},"f":{}}
,"C:\\xampp\\XAMPP\\htdocs\\cryptoworld-2.0\\frontend\\src\\pages\\Account.tsx": {"path":"C:\\xampp\\XAMPP\\htdocs\\cryptoworld-2.0\\frontend\\src\\pages\\Account.tsx","all":false,"statementMap":{"1":{"start":{"line":2,"column":0},"end":{"line":2,"column":72}},"2":{"start":{"line":3,"column":0},"end":{"line":3,"column":67}},"4":{"start":{"line":5,"column":0},"end":{"line":5,"column":40}},"5":{"start":{"line":6,"column":0},"end":{"line":6,"column":10}},"6":{"start":{"line":7,"column":0},"end":{"line":7,"column":66}},"7":{"start":{"line":8,"column":0},"end":{"line":8,"column":41}},"8":{"start":{"line":9,"column":0},"end":{"line":9,"column":25}},"9":{"start":{"line":10,"column":0},"end":{"line":10,"column":14}},"11":{"start":{"line":12,"column":0},"end":{"line":12,"column":2}}},"s":{"1":1,"2":1,"4":1,"5":2,"6":2,"7":2,"8":2,"9":2,"11":2},"branchMap":{"0":{"type":"branch","line":5,"loc":{"start":{"line":5,"column":33},"end":{"line":12,"column":2}},"locations":[{"start":{"line":5,"column":33},"end":{"line":12,"column":2}}]}},"b":{"0":[2]},"fnMap":{"0":{"name":"Account","decl":{"start":{"line":5,"column":33},"end":{"line":12,"column":2}},"loc":{"start":{"line":5,"column":33},"end":{"line":12,"column":2}},"line":5}},"f":{"0":2}}
,"C:\\xampp\\XAMPP\\htdocs\\cryptoworld-2.0\\frontend\\src\\pages\\Cartera.tsx": {"path":"C:\\xampp\\XAMPP\\htdocs\\cryptoworld-2.0\\frontend\\src\\pages\\Cartera.tsx","all":false,"statementMap":{"1":{"start":{"line":2,"column":0},"end":{"line":2,"column":67}},"2":{"start":{"line":3,"column":0},"end":{"line":3,"column":53}},"4":{"start":{"line":5,"column":0},"end":{"line":5,"column":40}},"5":{"start":{"line":6,"column":0},"end":{"line":6,"column":10}},"6":{"start":{"line":7,"column":0},"end":{"line":7,"column":66}},"7":{"start":{"line":8,"column":0},"end":{"line":8,"column":41}},"8":{"start":{"line":9,"column":0},"end":{"line":9,"column":16}},"9":{"start":{"line":10,"column":0},"end":{"line":10,"column":14}},"11":{"start":{"line":12,"column":0},"end":{"line":12,"column":2}}},"s":{"1":1,"2":1,"4":1,"5":2,"6":2,"7":2,"8":2,"9":2,"11":2},"branchMap":{"0":{"type":"branch","line":5,"loc":{"start":{"line":5,"column":33},"end":{"line":12,"column":2}},"locations":[{"start":{"line":5,"column":33},"end":{"line":12,"column":2}}]}},"b":{"0":[2]},"fnMap":{"0":{"name":"Cartera","decl":{"start":{"line":5,"column":33},"end":{"line":12,"column":2}},"loc":{"start":{"line":5,"column":33},"end":{"line":12,"column":2}},"line":5}},"f":{"0":2}}
,"C:\\xampp\\XAMPP\\htdocs\\cryptoworld-2.0\\frontend\\src\\pages\\Contact.tsx": {"path":"C:\\xampp\\XAMPP\\htdocs\\cryptoworld-2.0\\frontend\\src\\pages\\Contact.tsx","all":true,"statementMap":{"1":{"start":{"line":2,"column":0},"end":{"line":2,"column":64}},"2":{"start":{"line":3,"column":0},"end":{"line":3,"column":67}},"4":{"start":{"line":5,"column":0},"end":{"line":5,"column":40}},"5":{"start":{"line":6,"column":0},"end":{"line":6,"column":10}},"6":{"start":{"line":7,"column":0},"end":{"line":7,"column":66}},"7":{"start":{"line":8,"column":0},"end":{"line":8,"column":41}},"8":{"start":{"line":9,"column":0},"end":{"line":9,"column":21}},"9":{"start":{"line":10,"column":0},"end":{"line":10,"column":14}},"11":{"start":{"line":12,"column":0},"end":{"line":12,"column":2}}},"s":{"1":0,"2":0,"4":0,"5":0,"6":0,"7":0,"8":0,"9":0,"11":0},"branchMap":{"0":{"type":"branch","line":1,"loc":{"start":{"line":1,"column":371},"end":{"line":12,"column":2}},"locations":[{"start":{"line":1,"column":371},"end":{"line":12,"column":2}}]}},"b":{"0":[1]},"fnMap":{"0":{"name":"(empty-report)","decl":{"start":{"line":1,"column":371},"end":{"line":12,"column":2}},"loc":{"start":{"line":1,"column":371},"end":{"line":12,"column":2}},"line":1}},"f":{"0":1}}
,"C:\\xampp\\XAMPP\\htdocs\\cryptoworld-2.0\\frontend\\src\\pages\\Crypto.tsx": {"path":"C:\\xampp\\XAMPP\\htdocs\\cryptoworld-2.0\\frontend\\src\\pages\\Crypto.tsx","all":false,"statementMap":{"1":{"start":{"line":2,"column":0},"end":{"line":2,"column":67}},"2":{"start":{"line":3,"column":0},"end":{"line":3,"column":72}},"4":{"start":{"line":5,"column":0},"end":{"line":5,"column":39}},"5":{"start":{"line":6,"column":0},"end":{"line":6,"column":10}},"6":{"start":{"line":7,"column":0},"end":{"line":7,"column":66}},"7":{"start":{"line":8,"column":0},"end":{"line":8,"column":40}},"8":{"start":{"line":9,"column":0},"end":{"line":9,"column":22}},"9":{"start":{"line":10,"column":0},"end":{"line":10,"column":14}},"11":{"start":{"line":12,"column":0},"end":{"line":12,"column":2}}},"s":{"1":1,"2":1,"4":1,"5":2,"6":2,"7":2,"8":2,"9":2,"11":2},"branchMap":{"0":{"type":"branch","line":5,"loc":{"start":{"line":5,"column":32},"end":{"line":12,"column":2}},"locations":[{"start":{"line":5,"column":32},"end":{"line":12,"column":2}}]}},"b":{"0":[2]},"fnMap":{"0":{"name":"Crypto","decl":{"start":{"line":5,"column":32},"end":{"line":12,"column":2}},"loc":{"start":{"line":5,"column":32},"end":{"line":12,"column":2}},"line":5}},"f":{"0":2}}
,"C:\\xampp\\XAMPP\\htdocs\\cryptoworld-2.0\\frontend\\src\\pages\\Home.tsx": {"path":"C:\\xampp\\XAMPP\\htdocs\\cryptoworld-2.0\\frontend\\src\\pages\\Home.tsx","all":false,"statementMap":{"1":{"start":{"line":2,"column":0},"end":{"line":2,"column":67}},"2":{"start":{"line":3,"column":0},"end":{"line":3,"column":59}},"3":{"start":{"line":4,"column":0},"end":{"line":4,"column":55}},"4":{"start":{"line":5,"column":0},"end":{"line":5,"column":59}},"6":{"start":{"line":7,"column":0},"end":{"line":7,"column":37}},"7":{"start":{"line":8,"column":0},"end":{"line":8,"column":10}},"8":{"start":{"line":9,"column":0},"end":{"line":9,"column":72}},"9":{"start":{"line":10,"column":0},"end":{"line":10,"column":38}},"10":{"start":{"line":11,"column":0},"end":{"line":11,"column":20}},"11":{"start":{"line":12,"column":0},"end":{"line":12,"column":18}},"12":{"start":{"line":13,"column":0},"end":{"line":13,"column":20}},"13":{"start":{"line":14,"column":0},"end":{"line":14,"column":14}},"15":{"start":{"line":16,"column":0},"end":{"line":16,"column":2}}},"s":{"1":1,"2":1,"3":1,"4":1,"6":1,"7":2,"8":2,"9":2,"10":2,"11":2,"12":2,"13":2,"15":2},"branchMap":{"0":{"type":"branch","line":7,"loc":{"start":{"line":7,"column":30},"end":{"line":16,"column":2}},"locations":[{"start":{"line":7,"column":30},"end":{"line":16,"column":2}}]}},"b":{"0":[2]},"fnMap":{"0":{"name":"Home","decl":{"start":{"line":7,"column":30},"end":{"line":16,"column":2}},"loc":{"start":{"line":7,"column":30},"end":{"line":16,"column":2}},"line":7}},"f":{"0":2}}
,"C:\\xampp\\XAMPP\\htdocs\\cryptoworld-2.0\\frontend\\src\\pages\\Legal.tsx": {"path":"C:\\xampp\\XAMPP\\htdocs\\cryptoworld-2.0\\frontend\\src\\pages\\Legal.tsx","all":false,"statementMap":{"1":{"start":{"line":2,"column":0},"end":{"line":2,"column":67}},"2":{"start":{"line":3,"column":0},"end":{"line":3,"column":62}},"4":{"start":{"line":5,"column":0},"end":{"line":5,"column":38}},"5":{"start":{"line":6,"column":0},"end":{"line":6,"column":10}},"6":{"start":{"line":7,"column":0},"end":{"line":7,"column":66}},"7":{"start":{"line":8,"column":0},"end":{"line":8,"column":39}},"8":{"start":{"line":9,"column":0},"end":{"line":9,"column":21}},"9":{"start":{"line":10,"column":0},"end":{"line":10,"column":14}},"11":{"start":{"line":12,"column":0},"end":{"line":12,"column":2}}},"s":{"1":1,"2":1,"4":1,"5":2,"6":2,"7":2,"8":2,"9":2,"11":2},"branchMap":{"0":{"type":"branch","line":5,"loc":{"start":{"line":5,"column":31},"end":{"line":12,"column":2}},"locations":[{"start":{"line":5,"column":31},"end":{"line":12,"column":2}}]}},"b":{"0":[2]},"fnMap":{"0":{"name":"Legal","decl":{"start":{"line":5,"column":31},"end":{"line":12,"column":2}},"loc":{"start":{"line":5,"column":31},"end":{"line":12,"column":2}},"line":5}},"f":{"0":2}}
,"C:\\xampp\\XAMPP\\htdocs\\cryptoworld-2.0\\frontend\\src\\pages\\Pricing.tsx": {"path":"C:\\xampp\\XAMPP\\htdocs\\cryptoworld-2.0\\frontend\\src\\pages\\Pricing.tsx","all":false,"statementMap":{"0":{"start":{"line":1,"column":0},"end":{"line":1,"column":26}},"1":{"start":{"line":2,"column":0},"end":{"line":2,"column":66}},"2":{"start":{"line":3,"column":0},"end":{"line":3,"column":62}},"3":{"start":{"line":4,"column":0},"end":{"line":4,"column":50}},"4":{"start":{"line":5,"column":0},"end":{"line":5,"column":67}},"5":{"start":{"line":6,"column":0},"end":{"line":6,"column":60}},"7":{"start":{"line":8,"column":0},"end":{"line":8,"column":40}},"8":{"start":{"line":9,"column":0},"end":{"line":9,"column":74}},"10":{"start":{"line":11,"column":0},"end":{"line":11,"column":10}},"11":{"start":{"line":12,"column":0},"end":{"line":12,"column":66}},"12":{"start":{"line":13,"column":0},"end":{"line":13,"column":41}},"13":{"start":{"line":14,"column":0},"end":{"line":14,"column":22}},"14":{"start":{"line":15,"column":0},"end":{"line":15,"column":17}},"15":{"start":{"line":16,"column":0},"end":{"line":16,"column":21}},"16":{"start":{"line":17,"column":0},"end":{"line":17,"column":27}},"17":{"start":{"line":18,"column":0},"end":{"line":18,"column":43}},"18":{"start":{"line":19,"column":0},"end":{"line":19,"column":8}},"19":{"start":{"line":20,"column":0},"end":{"line":20,"column":14}},"20":{"start":{"line":21,"column":0},"end":{"line":21,"column":14}},"22":{"start":{"line":23,"column":0},"end":{"line":23,"column":2}}},"s":{"0":1,"1":1,"2":1,"3":1,"4":1,"5":1,"7":1,"8":3,"10":3,"11":3,"12":3,"13":3,"14":3,"15":3,"16":3,"17":3,"18":3,"19":3,"20":3,"22":3},"branchMap":{"0":{"type":"branch","line":8,"loc":{"start":{"line":8,"column":33},"end":{"line":23,"column":2}},"locations":[{"start":{"line":8,"column":33},"end":{"line":23,"column":2}}]}},"b":{"0":[3]},"fnMap":{"0":{"name":"Pricing","decl":{"start":{"line":8,"column":33},"end":{"line":23,"column":2}},"loc":{"start":{"line":8,"column":33},"end":{"line":23,"column":2}},"line":8}},"f":{"0":3}}
,"C:\\xampp\\XAMPP\\htdocs\\cryptoworld-2.0\\frontend\\src\\pages\\Watchlist.tsx": {"path":"C:\\xampp\\XAMPP\\htdocs\\cryptoworld-2.0\\frontend\\src\\pages\\Watchlist.tsx","all":false,"statementMap":{"1":{"start":{"line":2,"column":0},"end":{"line":2,"column":67}},"2":{"start":{"line":3,"column":0},"end":{"line":3,"column":62}},"4":{"start":{"line":5,"column":0},"end":{"line":5,"column":42}},"5":{"start":{"line":6,"column":0},"end":{"line":6,"column":10}},"6":{"start":{"line":7,"column":0},"end":{"line":7,"column":66}},"7":{"start":{"line":8,"column":0},"end":{"line":8,"column":43}},"8":{"start":{"line":9,"column":0},"end":{"line":9,"column":19}},"9":{"start":{"line":10,"column":0},"end":{"line":10,"column":14}},"11":{"start":{"line":12,"column":0},"end":{"line":12,"column":2}}},"s":{"1":1,"2":1,"4":1,"5":2,"6":2,"7":2,"8":2,"9":2,"11":2},"branchMap":{"0":{"type":"branch","line":5,"loc":{"start":{"line":5,"column":35},"end":{"line":12,"column":2}},"locations":[{"start":{"line":5,"column":35},"end":{"line":12,"column":2}}]}},"b":{"0":[2]},"fnMap":{"0":{"name":"Watchlist","decl":{"start":{"line":5,"column":35},"end":{"line":12,"column":2}},"loc":{"start":{"line":5,"column":35},"end":{"line":12,"column":2}},"line":5}},"f":{"0":2}}
,"C:\\xampp\\XAMPP\\htdocs\\cryptoworld-2.0\\frontend\\src\\pages\\pages.ts": {"path":"C:\\xampp\\XAMPP\\htdocs\\cryptoworld-2.0\\frontend\\src\\pages\\pages.ts","all":true,"statementMap":{"0":{"start":{"line":1,"column":0},"end":{"line":1,"column":36}},"1":{"start":{"line":2,"column":0},"end":{"line":2,"column":30}},"2":{"start":{"line":3,"column":0},"end":{"line":3,"column":36}},"3":{"start":{"line":4,"column":0},"end":{"line":4,"column":40}},"4":{"start":{"line":5,"column":0},"end":{"line":5,"column":36}},"5":{"start":{"line":6,"column":0},"end":{"line":6,"column":36}},"6":{"start":{"line":7,"column":0},"end":{"line":7,"column":32}},"7":{"start":{"line":8,"column":0},"end":{"line":8,"column":34}}},"s":{"0":0,"1":0,"2":0,"3":0,"4":0,"5":0,"6":0,"7":0},"branchMap":{"0":{"type":"branch","line":1,"loc":{"start":{"line":1,"column":287},"end":{"line":8,"column":34}},"locations":[{"start":{"line":1,"column":287},"end":{"line":8,"column":34}}]}},"b":{"0":[0]},"fnMap":{"0":{"name":"(empty-report)","decl":{"start":{"line":1,"column":287},"end":{"line":8,"column":34}},"loc":{"start":{"line":1,"column":287},"end":{"line":8,"column":34}},"line":1}},"f":{"0":0}}
}
